[ERROR] 2020-01-02 10:00:06 [pool-6-thread-1] o.s.s.s.TaskUtils$LoggingErrorHandler - Unexpected error occurred in scheduled task.
org.springframework.jdbc.UncategorizedSQLException: 
### Error querying database.  Cause: org.sqlite.SQLiteException: [SQLITE_ERROR] SQL error or missing database (no such table: t_job)
### The error may exist in URL [jar:file:/data/projects/cos/standalone/standalone-fate-master-1.2.0/fateboard/fateboard-1.2.0.jar!/BOOT-INF/classes!/mapping/JobMapper.xml]
### The error may involve com.webank.ai.fate.board.dao.JobMapper.selectByExampleWithBLOBs
### The error occurred while executing a query
### SQL: select                   'true' as QUERYID,               f_job_id, f_role, f_party_id, f_name, f_tag, f_initiator_party_id, f_status, f_current_steps,      f_current_tasks, f_progress, f_create_time, f_update_time, f_start_time, f_end_time,      f_elapsed, f_run_ip             ,               f_description, f_roles, f_dsl, f_runtime_conf             from t_job                                  WHERE (  f_end_time between ? and ? )
### Cause: org.sqlite.SQLiteException: [SQLITE_ERROR] SQL error or missing database (no such table: t_job)
; uncategorized SQLException for SQL []; SQL state [null]; error code [1]; [SQLITE_ERROR] SQL error or missing database (no such table: t_job); nested exception is org.sqlite.SQLiteException: [SQLITE_ERROR] SQL error or missing database (no such table: t_job)
	at org.springframework.jdbc.support.AbstractFallbackSQLExceptionTranslator.translate(AbstractFallbackSQLExceptionTranslator.java:90)
	at org.springframework.jdbc.support.AbstractFallbackSQLExceptionTranslator.translate(AbstractFallbackSQLExceptionTranslator.java:82)
	at org.springframework.jdbc.support.AbstractFallbackSQLExceptionTranslator.translate(AbstractFallbackSQLExceptionTranslator.java:82)
	at org.mybatis.spring.MyBatisExceptionTranslator.translateExceptionIfPossible(MyBatisExceptionTranslator.java:73)
	at org.mybatis.spring.SqlSessionTemplate$SqlSessionInterceptor.invoke(SqlSessionTemplate.java:446)
	at com.sun.proxy.$Proxy95.selectList(Unknown Source)
	at org.mybatis.spring.SqlSessionTemplate.selectList(SqlSessionTemplate.java:230)
	at org.apache.ibatis.binding.MapperMethod.executeForMany(MapperMethod.java:139)
	at org.apache.ibatis.binding.MapperMethod.execute(MapperMethod.java:76)
	at org.apache.ibatis.binding.MapperProxy.invoke(MapperProxy.java:59)
	at com.sun.proxy.$Proxy96.selectByExampleWithBLOBs(Unknown Source)
	at com.webank.ai.fate.board.services.LogSshLoadService.queryJobSuccessToday(LogSshLoadService.java:80)
	at com.webank.ai.fate.board.services.LogSshLoadService.loadLog(LogSshLoadService.java:53)
	at sun.reflect.NativeMethodAccessorImpl.invoke0(Native Method)
	at sun.reflect.NativeMethodAccessorImpl.invoke(NativeMethodAccessorImpl.java:62)
	at sun.reflect.DelegatingMethodAccessorImpl.invoke(DelegatingMethodAccessorImpl.java:43)
	at java.lang.reflect.Method.invoke(Method.java:498)
	at org.springframework.scheduling.support.ScheduledMethodRunnable.run(ScheduledMethodRunnable.java:84)
	at org.springframework.scheduling.support.DelegatingErrorHandlingRunnable.run(DelegatingErrorHandlingRunnable.java:54)
	at org.springframework.scheduling.concurrent.ReschedulingRunnable.run(ReschedulingRunnable.java:93)
	at java.util.concurrent.Executors$RunnableAdapter.call(Executors.java:511)
	at java.util.concurrent.FutureTask.run(FutureTask.java:266)
	at java.util.concurrent.ScheduledThreadPoolExecutor$ScheduledFutureTask.access$201(ScheduledThreadPoolExecutor.java:180)
	at java.util.concurrent.ScheduledThreadPoolExecutor$ScheduledFutureTask.run(ScheduledThreadPoolExecutor.java:293)
	at java.util.concurrent.ThreadPoolExecutor.runWorker(ThreadPoolExecutor.java:1149)
	at java.util.concurrent.ThreadPoolExecutor$Worker.run(ThreadPoolExecutor.java:624)
	at java.lang.Thread.run(Thread.java:748)
Caused by: org.sqlite.SQLiteException: [SQLITE_ERROR] SQL error or missing database (no such table: t_job)
	at org.sqlite.core.DB.newSQLException(DB.java:941)
	at org.sqlite.core.DB.newSQLException(DB.java:953)
	at org.sqlite.core.DB.throwex(DB.java:918)
	at org.sqlite.core.NativeDB.prepare_utf8(Native Method)
	at org.sqlite.core.NativeDB.prepare(NativeDB.java:134)
	at org.sqlite.core.DB.prepare(DB.java:257)
	at org.sqlite.core.CorePreparedStatement.<init>(CorePreparedStatement.java:47)
	at org.sqlite.jdbc3.JDBC3PreparedStatement.<init>(JDBC3PreparedStatement.java:30)
	at org.sqlite.jdbc4.JDBC4PreparedStatement.<init>(JDBC4PreparedStatement.java:19)
	at org.sqlite.jdbc4.JDBC4Connection.prepareStatement(JDBC4Connection.java:35)
	at org.sqlite.jdbc3.JDBC3Connection.prepareStatement(JDBC3Connection.java:241)
	at org.sqlite.jdbc3.JDBC3Connection.prepareStatement(JDBC3Connection.java:205)
	at sun.reflect.NativeMethodAccessorImpl.invoke0(Native Method)
	at sun.reflect.NativeMethodAccessorImpl.invoke(NativeMethodAccessorImpl.java:62)
	at sun.reflect.DelegatingMethodAccessorImpl.invoke(DelegatingMethodAccessorImpl.java:43)
	at java.lang.reflect.Method.invoke(Method.java:498)
	at org.apache.tomcat.jdbc.pool.ProxyConnection.invoke(ProxyConnection.java:126)
	at org.apache.tomcat.jdbc.pool.JdbcInterceptor.invoke(JdbcInterceptor.java:108)
	at org.apache.tomcat.jdbc.pool.interceptor.AbstractCreateStatementInterceptor.invoke(AbstractCreateStatementInterceptor.java:75)
	at org.apache.tomcat.jdbc.pool.JdbcInterceptor.invoke(JdbcInterceptor.java:108)
	at org.apache.tomcat.jdbc.pool.DisposableConnectionFacade.invoke(DisposableConnectionFacade.java:81)
	at com.sun.proxy.$Proxy111.prepareStatement(Unknown Source)
	at org.apache.ibatis.executor.statement.PreparedStatementHandler.instantiateStatement(PreparedStatementHandler.java:87)
	at org.apache.ibatis.executor.statement.BaseStatementHandler.prepare(BaseStatementHandler.java:88)
	at org.apache.ibatis.executor.statement.RoutingStatementHandler.prepare(RoutingStatementHandler.java:59)
	at org.apache.ibatis.executor.SimpleExecutor.prepareStatement(SimpleExecutor.java:85)
	at org.apache.ibatis.executor.SimpleExecutor.doQuery(SimpleExecutor.java:62)
	at org.apache.ibatis.executor.BaseExecutor.queryFromDatabase(BaseExecutor.java:326)
	at org.apache.ibatis.executor.BaseExecutor.query(BaseExecutor.java:156)
	at org.apache.ibatis.executor.CachingExecutor.query(CachingExecutor.java:109)
	at org.apache.ibatis.executor.CachingExecutor.query(CachingExecutor.java:83)
	at org.apache.ibatis.session.defaults.DefaultSqlSession.selectList(DefaultSqlSession.java:148)
	at org.apache.ibatis.session.defaults.DefaultSqlSession.selectList(DefaultSqlSession.java:141)
	at sun.reflect.NativeMethodAccessorImpl.invoke0(Native Method)
	at sun.reflect.NativeMethodAccessorImpl.invoke(NativeMethodAccessorImpl.java:62)
	at sun.reflect.DelegatingMethodAccessorImpl.invoke(DelegatingMethodAccessorImpl.java:43)
	at java.lang.reflect.Method.invoke(Method.java:498)
	at org.mybatis.spring.SqlSessionTemplate$SqlSessionInterceptor.invoke(SqlSessionTemplate.java:433)
	... 22 common frames omitted
[ERROR] 2020-01-02 10:00:06 [pool-6-thread-1] o.s.s.s.TaskUtils$LoggingErrorHandler - Unexpected error occurred in scheduled task.
org.springframework.jdbc.UncategorizedSQLException: 
### Error querying database.  Cause: org.sqlite.SQLiteException: [SQLITE_ERROR] SQL error or missing database (no such table: t_job)
### The error may exist in URL [jar:file:/data/projects/cos/standalone/standalone-fate-master-1.2.0/fateboard/fateboard-1.2.0.jar!/BOOT-INF/classes!/mapping/JobMapper.xml]
### The error may involve com.webank.ai.fate.board.dao.JobMapper.selectByExampleWithBLOBs
### The error occurred while executing a query
### SQL: select                   'true' as QUERYID,               f_job_id, f_role, f_party_id, f_name, f_tag, f_initiator_party_id, f_status, f_current_steps,      f_current_tasks, f_progress, f_create_time, f_update_time, f_start_time, f_end_time,      f_elapsed, f_run_ip             ,               f_description, f_roles, f_dsl, f_runtime_conf             from t_job                                  WHERE (  f_end_time between ? and ? )
### Cause: org.sqlite.SQLiteException: [SQLITE_ERROR] SQL error or missing database (no such table: t_job)
; uncategorized SQLException for SQL []; SQL state [null]; error code [1]; [SQLITE_ERROR] SQL error or missing database (no such table: t_job); nested exception is org.sqlite.SQLiteException: [SQLITE_ERROR] SQL error or missing database (no such table: t_job)
	at org.springframework.jdbc.support.AbstractFallbackSQLExceptionTranslator.translate(AbstractFallbackSQLExceptionTranslator.java:90)
	at org.springframework.jdbc.support.AbstractFallbackSQLExceptionTranslator.translate(AbstractFallbackSQLExceptionTranslator.java:82)
	at org.springframework.jdbc.support.AbstractFallbackSQLExceptionTranslator.translate(AbstractFallbackSQLExceptionTranslator.java:82)
	at org.mybatis.spring.MyBatisExceptionTranslator.translateExceptionIfPossible(MyBatisExceptionTranslator.java:73)
	at org.mybatis.spring.SqlSessionTemplate$SqlSessionInterceptor.invoke(SqlSessionTemplate.java:446)
	at com.sun.proxy.$Proxy95.selectList(Unknown Source)
	at org.mybatis.spring.SqlSessionTemplate.selectList(SqlSessionTemplate.java:230)
	at org.apache.ibatis.binding.MapperMethod.executeForMany(MapperMethod.java:139)
	at org.apache.ibatis.binding.MapperMethod.execute(MapperMethod.java:76)
	at org.apache.ibatis.binding.MapperProxy.invoke(MapperProxy.java:59)
	at com.sun.proxy.$Proxy96.selectByExampleWithBLOBs(Unknown Source)
	at com.webank.ai.fate.board.services.LogSshLoadService.queryJobSuccessToday(LogSshLoadService.java:80)
	at com.webank.ai.fate.board.services.LogSshLoadService.loadLog(LogSshLoadService.java:53)
	at sun.reflect.NativeMethodAccessorImpl.invoke0(Native Method)
	at sun.reflect.NativeMethodAccessorImpl.invoke(NativeMethodAccessorImpl.java:62)
	at sun.reflect.DelegatingMethodAccessorImpl.invoke(DelegatingMethodAccessorImpl.java:43)
	at java.lang.reflect.Method.invoke(Method.java:498)
	at org.springframework.scheduling.support.ScheduledMethodRunnable.run(ScheduledMethodRunnable.java:84)
	at org.springframework.scheduling.support.DelegatingErrorHandlingRunnable.run(DelegatingErrorHandlingRunnable.java:54)
	at org.springframework.scheduling.concurrent.ReschedulingRunnable.run(ReschedulingRunnable.java:93)
	at java.util.concurrent.Executors$RunnableAdapter.call(Executors.java:511)
	at java.util.concurrent.FutureTask.run(FutureTask.java:266)
	at java.util.concurrent.ScheduledThreadPoolExecutor$ScheduledFutureTask.access$201(ScheduledThreadPoolExecutor.java:180)
	at java.util.concurrent.ScheduledThreadPoolExecutor$ScheduledFutureTask.run(ScheduledThreadPoolExecutor.java:293)
	at java.util.concurrent.ThreadPoolExecutor.runWorker(ThreadPoolExecutor.java:1149)
	at java.util.concurrent.ThreadPoolExecutor$Worker.run(ThreadPoolExecutor.java:624)
	at java.lang.Thread.run(Thread.java:748)
Caused by: org.sqlite.SQLiteException: [SQLITE_ERROR] SQL error or missing database (no such table: t_job)
	at org.sqlite.core.DB.newSQLException(DB.java:941)
	at org.sqlite.core.DB.newSQLException(DB.java:953)
	at org.sqlite.core.DB.throwex(DB.java:918)
	at org.sqlite.core.NativeDB.prepare_utf8(Native Method)
	at org.sqlite.core.NativeDB.prepare(NativeDB.java:134)
	at org.sqlite.core.DB.prepare(DB.java:257)
	at org.sqlite.core.CorePreparedStatement.<init>(CorePreparedStatement.java:47)
	at org.sqlite.jdbc3.JDBC3PreparedStatement.<init>(JDBC3PreparedStatement.java:30)
	at org.sqlite.jdbc4.JDBC4PreparedStatement.<init>(JDBC4PreparedStatement.java:19)
	at org.sqlite.jdbc4.JDBC4Connection.prepareStatement(JDBC4Connection.java:35)
	at org.sqlite.jdbc3.JDBC3Connection.prepareStatement(JDBC3Connection.java:241)
	at org.sqlite.jdbc3.JDBC3Connection.prepareStatement(JDBC3Connection.java:205)
	at sun.reflect.NativeMethodAccessorImpl.invoke0(Native Method)
	at sun.reflect.NativeMethodAccessorImpl.invoke(NativeMethodAccessorImpl.java:62)
	at sun.reflect.DelegatingMethodAccessorImpl.invoke(DelegatingMethodAccessorImpl.java:43)
	at java.lang.reflect.Method.invoke(Method.java:498)
	at org.apache.tomcat.jdbc.pool.ProxyConnection.invoke(ProxyConnection.java:126)
	at org.apache.tomcat.jdbc.pool.JdbcInterceptor.invoke(JdbcInterceptor.java:108)
	at org.apache.tomcat.jdbc.pool.interceptor.AbstractCreateStatementInterceptor.invoke(AbstractCreateStatementInterceptor.java:75)
	at org.apache.tomcat.jdbc.pool.JdbcInterceptor.invoke(JdbcInterceptor.java:108)
	at org.apache.tomcat.jdbc.pool.DisposableConnectionFacade.invoke(DisposableConnectionFacade.java:81)
	at com.sun.proxy.$Proxy111.prepareStatement(Unknown Source)
	at org.apache.ibatis.executor.statement.PreparedStatementHandler.instantiateStatement(PreparedStatementHandler.java:87)
	at org.apache.ibatis.executor.statement.BaseStatementHandler.prepare(BaseStatementHandler.java:88)
	at org.apache.ibatis.executor.statement.RoutingStatementHandler.prepare(RoutingStatementHandler.java:59)
	at org.apache.ibatis.executor.SimpleExecutor.prepareStatement(SimpleExecutor.java:85)
	at org.apache.ibatis.executor.SimpleExecutor.doQuery(SimpleExecutor.java:62)
	at org.apache.ibatis.executor.BaseExecutor.queryFromDatabase(BaseExecutor.java:326)
	at org.apache.ibatis.executor.BaseExecutor.query(BaseExecutor.java:156)
	at org.apache.ibatis.executor.CachingExecutor.query(CachingExecutor.java:109)
	at org.apache.ibatis.executor.CachingExecutor.query(CachingExecutor.java:83)
	at org.apache.ibatis.session.defaults.DefaultSqlSession.selectList(DefaultSqlSession.java:148)
	at org.apache.ibatis.session.defaults.DefaultSqlSession.selectList(DefaultSqlSession.java:141)
	at sun.reflect.NativeMethodAccessorImpl.invoke0(Native Method)
	at sun.reflect.NativeMethodAccessorImpl.invoke(NativeMethodAccessorImpl.java:62)
	at sun.reflect.DelegatingMethodAccessorImpl.invoke(DelegatingMethodAccessorImpl.java:43)
	at java.lang.reflect.Method.invoke(Method.java:498)
	at org.mybatis.spring.SqlSessionTemplate$SqlSessionInterceptor.invoke(SqlSessionTemplate.java:433)
	... 22 common frames omitted
[ERROR] 2020-01-02 10:00:06 [pool-6-thread-1] o.s.s.s.TaskUtils$LoggingErrorHandler - Unexpected error occurred in scheduled task.
org.springframework.jdbc.UncategorizedSQLException: 
### Error querying database.  Cause: org.sqlite.SQLiteException: [SQLITE_ERROR] SQL error or missing database (no such table: t_job)
### The error may exist in URL [jar:file:/data/projects/cos/standalone/standalone-fate-master-1.2.0/fateboard/fateboard-1.2.0.jar!/BOOT-INF/classes!/mapping/JobMapper.xml]
### The error may involve com.webank.ai.fate.board.dao.JobMapper.selectByExampleWithBLOBs
### The error occurred while executing a query
### SQL: select                   'true' as QUERYID,               f_job_id, f_role, f_party_id, f_name, f_tag, f_initiator_party_id, f_status, f_current_steps,      f_current_tasks, f_progress, f_create_time, f_update_time, f_start_time, f_end_time,      f_elapsed, f_run_ip             ,               f_description, f_roles, f_dsl, f_runtime_conf             from t_job                                  WHERE (  f_end_time between ? and ? )
### Cause: org.sqlite.SQLiteException: [SQLITE_ERROR] SQL error or missing database (no such table: t_job)
; uncategorized SQLException for SQL []; SQL state [null]; error code [1]; [SQLITE_ERROR] SQL error or missing database (no such table: t_job); nested exception is org.sqlite.SQLiteException: [SQLITE_ERROR] SQL error or missing database (no such table: t_job)
	at org.springframework.jdbc.support.AbstractFallbackSQLExceptionTranslator.translate(AbstractFallbackSQLExceptionTranslator.java:90)
	at org.springframework.jdbc.support.AbstractFallbackSQLExceptionTranslator.translate(AbstractFallbackSQLExceptionTranslator.java:82)
	at org.springframework.jdbc.support.AbstractFallbackSQLExceptionTranslator.translate(AbstractFallbackSQLExceptionTranslator.java:82)
	at org.mybatis.spring.MyBatisExceptionTranslator.translateExceptionIfPossible(MyBatisExceptionTranslator.java:73)
	at org.mybatis.spring.SqlSessionTemplate$SqlSessionInterceptor.invoke(SqlSessionTemplate.java:446)
	at com.sun.proxy.$Proxy95.selectList(Unknown Source)
	at org.mybatis.spring.SqlSessionTemplate.selectList(SqlSessionTemplate.java:230)
	at org.apache.ibatis.binding.MapperMethod.executeForMany(MapperMethod.java:139)
	at org.apache.ibatis.binding.MapperMethod.execute(MapperMethod.java:76)
	at org.apache.ibatis.binding.MapperProxy.invoke(MapperProxy.java:59)
	at com.sun.proxy.$Proxy96.selectByExampleWithBLOBs(Unknown Source)
	at com.webank.ai.fate.board.services.LogSshLoadService.queryJobSuccessToday(LogSshLoadService.java:80)
	at com.webank.ai.fate.board.services.LogSshLoadService.loadLog(LogSshLoadService.java:53)
	at sun.reflect.NativeMethodAccessorImpl.invoke0(Native Method)
	at sun.reflect.NativeMethodAccessorImpl.invoke(NativeMethodAccessorImpl.java:62)
	at sun.reflect.DelegatingMethodAccessorImpl.invoke(DelegatingMethodAccessorImpl.java:43)
	at java.lang.reflect.Method.invoke(Method.java:498)
	at org.springframework.scheduling.support.ScheduledMethodRunnable.run(ScheduledMethodRunnable.java:84)
	at org.springframework.scheduling.support.DelegatingErrorHandlingRunnable.run(DelegatingErrorHandlingRunnable.java:54)
	at org.springframework.scheduling.concurrent.ReschedulingRunnable.run(ReschedulingRunnable.java:93)
	at java.util.concurrent.Executors$RunnableAdapter.call(Executors.java:511)
	at java.util.concurrent.FutureTask.run(FutureTask.java:266)
	at java.util.concurrent.ScheduledThreadPoolExecutor$ScheduledFutureTask.access$201(ScheduledThreadPoolExecutor.java:180)
	at java.util.concurrent.ScheduledThreadPoolExecutor$ScheduledFutureTask.run(ScheduledThreadPoolExecutor.java:293)
	at java.util.concurrent.ThreadPoolExecutor.runWorker(ThreadPoolExecutor.java:1149)
	at java.util.concurrent.ThreadPoolExecutor$Worker.run(ThreadPoolExecutor.java:624)
	at java.lang.Thread.run(Thread.java:748)
Caused by: org.sqlite.SQLiteException: [SQLITE_ERROR] SQL error or missing database (no such table: t_job)
	at org.sqlite.core.DB.newSQLException(DB.java:941)
	at org.sqlite.core.DB.newSQLException(DB.java:953)
	at org.sqlite.core.DB.throwex(DB.java:918)
	at org.sqlite.core.NativeDB.prepare_utf8(Native Method)
	at org.sqlite.core.NativeDB.prepare(NativeDB.java:134)
	at org.sqlite.core.DB.prepare(DB.java:257)
	at org.sqlite.core.CorePreparedStatement.<init>(CorePreparedStatement.java:47)
	at org.sqlite.jdbc3.JDBC3PreparedStatement.<init>(JDBC3PreparedStatement.java:30)
	at org.sqlite.jdbc4.JDBC4PreparedStatement.<init>(JDBC4PreparedStatement.java:19)
	at org.sqlite.jdbc4.JDBC4Connection.prepareStatement(JDBC4Connection.java:35)
	at org.sqlite.jdbc3.JDBC3Connection.prepareStatement(JDBC3Connection.java:241)
	at org.sqlite.jdbc3.JDBC3Connection.prepareStatement(JDBC3Connection.java:205)
	at sun.reflect.NativeMethodAccessorImpl.invoke0(Native Method)
	at sun.reflect.NativeMethodAccessorImpl.invoke(NativeMethodAccessorImpl.java:62)
	at sun.reflect.DelegatingMethodAccessorImpl.invoke(DelegatingMethodAccessorImpl.java:43)
	at java.lang.reflect.Method.invoke(Method.java:498)
	at org.apache.tomcat.jdbc.pool.ProxyConnection.invoke(ProxyConnection.java:126)
	at org.apache.tomcat.jdbc.pool.JdbcInterceptor.invoke(JdbcInterceptor.java:108)
	at org.apache.tomcat.jdbc.pool.interceptor.AbstractCreateStatementInterceptor.invoke(AbstractCreateStatementInterceptor.java:75)
	at org.apache.tomcat.jdbc.pool.JdbcInterceptor.invoke(JdbcInterceptor.java:108)
	at org.apache.tomcat.jdbc.pool.DisposableConnectionFacade.invoke(DisposableConnectionFacade.java:81)
	at com.sun.proxy.$Proxy111.prepareStatement(Unknown Source)
	at org.apache.ibatis.executor.statement.PreparedStatementHandler.instantiateStatement(PreparedStatementHandler.java:87)
	at org.apache.ibatis.executor.statement.BaseStatementHandler.prepare(BaseStatementHandler.java:88)
	at org.apache.ibatis.executor.statement.RoutingStatementHandler.prepare(RoutingStatementHandler.java:59)
	at org.apache.ibatis.executor.SimpleExecutor.prepareStatement(SimpleExecutor.java:85)
	at org.apache.ibatis.executor.SimpleExecutor.doQuery(SimpleExecutor.java:62)
	at org.apache.ibatis.executor.BaseExecutor.queryFromDatabase(BaseExecutor.java:326)
	at org.apache.ibatis.executor.BaseExecutor.query(BaseExecutor.java:156)
	at org.apache.ibatis.executor.CachingExecutor.query(CachingExecutor.java:109)
	at org.apache.ibatis.executor.CachingExecutor.query(CachingExecutor.java:83)
	at org.apache.ibatis.session.defaults.DefaultSqlSession.selectList(DefaultSqlSession.java:148)
	at org.apache.ibatis.session.defaults.DefaultSqlSession.selectList(DefaultSqlSession.java:141)
	at sun.reflect.NativeMethodAccessorImpl.invoke0(Native Method)
	at sun.reflect.NativeMethodAccessorImpl.invoke(NativeMethodAccessorImpl.java:62)
	at sun.reflect.DelegatingMethodAccessorImpl.invoke(DelegatingMethodAccessorImpl.java:43)
	at java.lang.reflect.Method.invoke(Method.java:498)
	at org.mybatis.spring.SqlSessionTemplate$SqlSessionInterceptor.invoke(SqlSessionTemplate.java:433)
	... 22 common frames omitted
[ERROR] 2020-01-02 10:00:06 [pool-6-thread-1] o.s.s.s.TaskUtils$LoggingErrorHandler - Unexpected error occurred in scheduled task.
org.springframework.jdbc.UncategorizedSQLException: 
### Error querying database.  Cause: org.sqlite.SQLiteException: [SQLITE_ERROR] SQL error or missing database (no such table: t_job)
### The error may exist in URL [jar:file:/data/projects/cos/standalone/standalone-fate-master-1.2.0/fateboard/fateboard-1.2.0.jar!/BOOT-INF/classes!/mapping/JobMapper.xml]
### The error may involve com.webank.ai.fate.board.dao.JobMapper.selectByExampleWithBLOBs
### The error occurred while executing a query
### SQL: select                   'true' as QUERYID,               f_job_id, f_role, f_party_id, f_name, f_tag, f_initiator_party_id, f_status, f_current_steps,      f_current_tasks, f_progress, f_create_time, f_update_time, f_start_time, f_end_time,      f_elapsed, f_run_ip             ,               f_description, f_roles, f_dsl, f_runtime_conf             from t_job                                  WHERE (  f_end_time between ? and ? )
### Cause: org.sqlite.SQLiteException: [SQLITE_ERROR] SQL error or missing database (no such table: t_job)
; uncategorized SQLException for SQL []; SQL state [null]; error code [1]; [SQLITE_ERROR] SQL error or missing database (no such table: t_job); nested exception is org.sqlite.SQLiteException: [SQLITE_ERROR] SQL error or missing database (no such table: t_job)
	at org.springframework.jdbc.support.AbstractFallbackSQLExceptionTranslator.translate(AbstractFallbackSQLExceptionTranslator.java:90)
	at org.springframework.jdbc.support.AbstractFallbackSQLExceptionTranslator.translate(AbstractFallbackSQLExceptionTranslator.java:82)
	at org.springframework.jdbc.support.AbstractFallbackSQLExceptionTranslator.translate(AbstractFallbackSQLExceptionTranslator.java:82)
	at org.mybatis.spring.MyBatisExceptionTranslator.translateExceptionIfPossible(MyBatisExceptionTranslator.java:73)
	at org.mybatis.spring.SqlSessionTemplate$SqlSessionInterceptor.invoke(SqlSessionTemplate.java:446)
	at com.sun.proxy.$Proxy95.selectList(Unknown Source)
	at org.mybatis.spring.SqlSessionTemplate.selectList(SqlSessionTemplate.java:230)
	at org.apache.ibatis.binding.MapperMethod.executeForMany(MapperMethod.java:139)
	at org.apache.ibatis.binding.MapperMethod.execute(MapperMethod.java:76)
	at org.apache.ibatis.binding.MapperProxy.invoke(MapperProxy.java:59)
	at com.sun.proxy.$Proxy96.selectByExampleWithBLOBs(Unknown Source)
	at com.webank.ai.fate.board.services.LogSshLoadService.queryJobSuccessToday(LogSshLoadService.java:80)
	at com.webank.ai.fate.board.services.LogSshLoadService.loadLog(LogSshLoadService.java:53)
	at sun.reflect.NativeMethodAccessorImpl.invoke0(Native Method)
	at sun.reflect.NativeMethodAccessorImpl.invoke(NativeMethodAccessorImpl.java:62)
	at sun.reflect.DelegatingMethodAccessorImpl.invoke(DelegatingMethodAccessorImpl.java:43)
	at java.lang.reflect.Method.invoke(Method.java:498)
	at org.springframework.scheduling.support.ScheduledMethodRunnable.run(ScheduledMethodRunnable.java:84)
	at org.springframework.scheduling.support.DelegatingErrorHandlingRunnable.run(DelegatingErrorHandlingRunnable.java:54)
	at org.springframework.scheduling.concurrent.ReschedulingRunnable.run(ReschedulingRunnable.java:93)
	at java.util.concurrent.Executors$RunnableAdapter.call(Executors.java:511)
	at java.util.concurrent.FutureTask.run(FutureTask.java:266)
	at java.util.concurrent.ScheduledThreadPoolExecutor$ScheduledFutureTask.access$201(ScheduledThreadPoolExecutor.java:180)
	at java.util.concurrent.ScheduledThreadPoolExecutor$ScheduledFutureTask.run(ScheduledThreadPoolExecutor.java:293)
	at java.util.concurrent.ThreadPoolExecutor.runWorker(ThreadPoolExecutor.java:1149)
	at java.util.concurrent.ThreadPoolExecutor$Worker.run(ThreadPoolExecutor.java:624)
	at java.lang.Thread.run(Thread.java:748)
Caused by: org.sqlite.SQLiteException: [SQLITE_ERROR] SQL error or missing database (no such table: t_job)
	at org.sqlite.core.DB.newSQLException(DB.java:941)
	at org.sqlite.core.DB.newSQLException(DB.java:953)
	at org.sqlite.core.DB.throwex(DB.java:918)
	at org.sqlite.core.NativeDB.prepare_utf8(Native Method)
	at org.sqlite.core.NativeDB.prepare(NativeDB.java:134)
	at org.sqlite.core.DB.prepare(DB.java:257)
	at org.sqlite.core.CorePreparedStatement.<init>(CorePreparedStatement.java:47)
	at org.sqlite.jdbc3.JDBC3PreparedStatement.<init>(JDBC3PreparedStatement.java:30)
	at org.sqlite.jdbc4.JDBC4PreparedStatement.<init>(JDBC4PreparedStatement.java:19)
	at org.sqlite.jdbc4.JDBC4Connection.prepareStatement(JDBC4Connection.java:35)
	at org.sqlite.jdbc3.JDBC3Connection.prepareStatement(JDBC3Connection.java:241)
	at org.sqlite.jdbc3.JDBC3Connection.prepareStatement(JDBC3Connection.java:205)
	at sun.reflect.NativeMethodAccessorImpl.invoke0(Native Method)
	at sun.reflect.NativeMethodAccessorImpl.invoke(NativeMethodAccessorImpl.java:62)
	at sun.reflect.DelegatingMethodAccessorImpl.invoke(DelegatingMethodAccessorImpl.java:43)
	at java.lang.reflect.Method.invoke(Method.java:498)
	at org.apache.tomcat.jdbc.pool.ProxyConnection.invoke(ProxyConnection.java:126)
	at org.apache.tomcat.jdbc.pool.JdbcInterceptor.invoke(JdbcInterceptor.java:108)
	at org.apache.tomcat.jdbc.pool.interceptor.AbstractCreateStatementInterceptor.invoke(AbstractCreateStatementInterceptor.java:75)
	at org.apache.tomcat.jdbc.pool.JdbcInterceptor.invoke(JdbcInterceptor.java:108)
	at org.apache.tomcat.jdbc.pool.DisposableConnectionFacade.invoke(DisposableConnectionFacade.java:81)
	at com.sun.proxy.$Proxy111.prepareStatement(Unknown Source)
	at org.apache.ibatis.executor.statement.PreparedStatementHandler.instantiateStatement(PreparedStatementHandler.java:87)
	at org.apache.ibatis.executor.statement.BaseStatementHandler.prepare(BaseStatementHandler.java:88)
	at org.apache.ibatis.executor.statement.RoutingStatementHandler.prepare(RoutingStatementHandler.java:59)
	at org.apache.ibatis.executor.SimpleExecutor.prepareStatement(SimpleExecutor.java:85)
	at org.apache.ibatis.executor.SimpleExecutor.doQuery(SimpleExecutor.java:62)
	at org.apache.ibatis.executor.BaseExecutor.queryFromDatabase(BaseExecutor.java:326)
	at org.apache.ibatis.executor.BaseExecutor.query(BaseExecutor.java:156)
	at org.apache.ibatis.executor.CachingExecutor.query(CachingExecutor.java:109)
	at org.apache.ibatis.executor.CachingExecutor.query(CachingExecutor.java:83)
	at org.apache.ibatis.session.defaults.DefaultSqlSession.selectList(DefaultSqlSession.java:148)
	at org.apache.ibatis.session.defaults.DefaultSqlSession.selectList(DefaultSqlSession.java:141)
	at sun.reflect.NativeMethodAccessorImpl.invoke0(Native Method)
	at sun.reflect.NativeMethodAccessorImpl.invoke(NativeMethodAccessorImpl.java:62)
	at sun.reflect.DelegatingMethodAccessorImpl.invoke(DelegatingMethodAccessorImpl.java:43)
	at java.lang.reflect.Method.invoke(Method.java:498)
	at org.mybatis.spring.SqlSessionTemplate$SqlSessionInterceptor.invoke(SqlSessionTemplate.java:433)
	... 22 common frames omitted
[ERROR] 2020-01-02 10:00:06 [pool-6-thread-1] o.s.s.s.TaskUtils$LoggingErrorHandler - Unexpected error occurred in scheduled task.
org.springframework.jdbc.UncategorizedSQLException: 
### Error querying database.  Cause: org.sqlite.SQLiteException: [SQLITE_ERROR] SQL error or missing database (no such table: t_job)
### The error may exist in URL [jar:file:/data/projects/cos/standalone/standalone-fate-master-1.2.0/fateboard/fateboard-1.2.0.jar!/BOOT-INF/classes!/mapping/JobMapper.xml]
### The error may involve com.webank.ai.fate.board.dao.JobMapper.selectByExampleWithBLOBs
### The error occurred while executing a query
### SQL: select                   'true' as QUERYID,               f_job_id, f_role, f_party_id, f_name, f_tag, f_initiator_party_id, f_status, f_current_steps,      f_current_tasks, f_progress, f_create_time, f_update_time, f_start_time, f_end_time,      f_elapsed, f_run_ip             ,               f_description, f_roles, f_dsl, f_runtime_conf             from t_job                                  WHERE (  f_end_time between ? and ? )
### Cause: org.sqlite.SQLiteException: [SQLITE_ERROR] SQL error or missing database (no such table: t_job)
; uncategorized SQLException for SQL []; SQL state [null]; error code [1]; [SQLITE_ERROR] SQL error or missing database (no such table: t_job); nested exception is org.sqlite.SQLiteException: [SQLITE_ERROR] SQL error or missing database (no such table: t_job)
	at org.springframework.jdbc.support.AbstractFallbackSQLExceptionTranslator.translate(AbstractFallbackSQLExceptionTranslator.java:90)
	at org.springframework.jdbc.support.AbstractFallbackSQLExceptionTranslator.translate(AbstractFallbackSQLExceptionTranslator.java:82)
	at org.springframework.jdbc.support.AbstractFallbackSQLExceptionTranslator.translate(AbstractFallbackSQLExceptionTranslator.java:82)
	at org.mybatis.spring.MyBatisExceptionTranslator.translateExceptionIfPossible(MyBatisExceptionTranslator.java:73)
	at org.mybatis.spring.SqlSessionTemplate$SqlSessionInterceptor.invoke(SqlSessionTemplate.java:446)
	at com.sun.proxy.$Proxy95.selectList(Unknown Source)
	at org.mybatis.spring.SqlSessionTemplate.selectList(SqlSessionTemplate.java:230)
	at org.apache.ibatis.binding.MapperMethod.executeForMany(MapperMethod.java:139)
	at org.apache.ibatis.binding.MapperMethod.execute(MapperMethod.java:76)
	at org.apache.ibatis.binding.MapperProxy.invoke(MapperProxy.java:59)
	at com.sun.proxy.$Proxy96.selectByExampleWithBLOBs(Unknown Source)
	at com.webank.ai.fate.board.services.LogSshLoadService.queryJobSuccessToday(LogSshLoadService.java:80)
	at com.webank.ai.fate.board.services.LogSshLoadService.loadLog(LogSshLoadService.java:53)
	at sun.reflect.NativeMethodAccessorImpl.invoke0(Native Method)
	at sun.reflect.NativeMethodAccessorImpl.invoke(NativeMethodAccessorImpl.java:62)
	at sun.reflect.DelegatingMethodAccessorImpl.invoke(DelegatingMethodAccessorImpl.java:43)
	at java.lang.reflect.Method.invoke(Method.java:498)
	at org.springframework.scheduling.support.ScheduledMethodRunnable.run(ScheduledMethodRunnable.java:84)
	at org.springframework.scheduling.support.DelegatingErrorHandlingRunnable.run(DelegatingErrorHandlingRunnable.java:54)
	at org.springframework.scheduling.concurrent.ReschedulingRunnable.run(ReschedulingRunnable.java:93)
	at java.util.concurrent.Executors$RunnableAdapter.call(Executors.java:511)
	at java.util.concurrent.FutureTask.run(FutureTask.java:266)
	at java.util.concurrent.ScheduledThreadPoolExecutor$ScheduledFutureTask.access$201(ScheduledThreadPoolExecutor.java:180)
	at java.util.concurrent.ScheduledThreadPoolExecutor$ScheduledFutureTask.run(ScheduledThreadPoolExecutor.java:293)
	at java.util.concurrent.ThreadPoolExecutor.runWorker(ThreadPoolExecutor.java:1149)
	at java.util.concurrent.ThreadPoolExecutor$Worker.run(ThreadPoolExecutor.java:624)
	at java.lang.Thread.run(Thread.java:748)
Caused by: org.sqlite.SQLiteException: [SQLITE_ERROR] SQL error or missing database (no such table: t_job)
	at org.sqlite.core.DB.newSQLException(DB.java:941)
	at org.sqlite.core.DB.newSQLException(DB.java:953)
	at org.sqlite.core.DB.throwex(DB.java:918)
	at org.sqlite.core.NativeDB.prepare_utf8(Native Method)
	at org.sqlite.core.NativeDB.prepare(NativeDB.java:134)
	at org.sqlite.core.DB.prepare(DB.java:257)
	at org.sqlite.core.CorePreparedStatement.<init>(CorePreparedStatement.java:47)
	at org.sqlite.jdbc3.JDBC3PreparedStatement.<init>(JDBC3PreparedStatement.java:30)
	at org.sqlite.jdbc4.JDBC4PreparedStatement.<init>(JDBC4PreparedStatement.java:19)
	at org.sqlite.jdbc4.JDBC4Connection.prepareStatement(JDBC4Connection.java:35)
	at org.sqlite.jdbc3.JDBC3Connection.prepareStatement(JDBC3Connection.java:241)
	at org.sqlite.jdbc3.JDBC3Connection.prepareStatement(JDBC3Connection.java:205)
	at sun.reflect.NativeMethodAccessorImpl.invoke0(Native Method)
	at sun.reflect.NativeMethodAccessorImpl.invoke(NativeMethodAccessorImpl.java:62)
	at sun.reflect.DelegatingMethodAccessorImpl.invoke(DelegatingMethodAccessorImpl.java:43)
	at java.lang.reflect.Method.invoke(Method.java:498)
	at org.apache.tomcat.jdbc.pool.ProxyConnection.invoke(ProxyConnection.java:126)
	at org.apache.tomcat.jdbc.pool.JdbcInterceptor.invoke(JdbcInterceptor.java:108)
	at org.apache.tomcat.jdbc.pool.interceptor.AbstractCreateStatementInterceptor.invoke(AbstractCreateStatementInterceptor.java:75)
	at org.apache.tomcat.jdbc.pool.JdbcInterceptor.invoke(JdbcInterceptor.java:108)
	at org.apache.tomcat.jdbc.pool.DisposableConnectionFacade.invoke(DisposableConnectionFacade.java:81)
	at com.sun.proxy.$Proxy111.prepareStatement(Unknown Source)
	at org.apache.ibatis.executor.statement.PreparedStatementHandler.instantiateStatement(PreparedStatementHandler.java:87)
	at org.apache.ibatis.executor.statement.BaseStatementHandler.prepare(BaseStatementHandler.java:88)
	at org.apache.ibatis.executor.statement.RoutingStatementHandler.prepare(RoutingStatementHandler.java:59)
	at org.apache.ibatis.executor.SimpleExecutor.prepareStatement(SimpleExecutor.java:85)
	at org.apache.ibatis.executor.SimpleExecutor.doQuery(SimpleExecutor.java:62)
	at org.apache.ibatis.executor.BaseExecutor.queryFromDatabase(BaseExecutor.java:326)
	at org.apache.ibatis.executor.BaseExecutor.query(BaseExecutor.java:156)
	at org.apache.ibatis.executor.CachingExecutor.query(CachingExecutor.java:109)
	at org.apache.ibatis.executor.CachingExecutor.query(CachingExecutor.java:83)
	at org.apache.ibatis.session.defaults.DefaultSqlSession.selectList(DefaultSqlSession.java:148)
	at org.apache.ibatis.session.defaults.DefaultSqlSession.selectList(DefaultSqlSession.java:141)
	at sun.reflect.NativeMethodAccessorImpl.invoke0(Native Method)
	at sun.reflect.NativeMethodAccessorImpl.invoke(NativeMethodAccessorImpl.java:62)
	at sun.reflect.DelegatingMethodAccessorImpl.invoke(DelegatingMethodAccessorImpl.java:43)
	at java.lang.reflect.Method.invoke(Method.java:498)
	at org.mybatis.spring.SqlSessionTemplate$SqlSessionInterceptor.invoke(SqlSessionTemplate.java:433)
	... 22 common frames omitted
[ERROR] 2020-01-02 10:00:06 [pool-6-thread-1] o.s.s.s.TaskUtils$LoggingErrorHandler - Unexpected error occurred in scheduled task.
org.springframework.jdbc.UncategorizedSQLException: 
### Error querying database.  Cause: org.sqlite.SQLiteException: [SQLITE_ERROR] SQL error or missing database (no such table: t_job)
### The error may exist in URL [jar:file:/data/projects/cos/standalone/standalone-fate-master-1.2.0/fateboard/fateboard-1.2.0.jar!/BOOT-INF/classes!/mapping/JobMapper.xml]
### The error may involve com.webank.ai.fate.board.dao.JobMapper.selectByExampleWithBLOBs
### The error occurred while executing a query
### SQL: select                   'true' as QUERYID,               f_job_id, f_role, f_party_id, f_name, f_tag, f_initiator_party_id, f_status, f_current_steps,      f_current_tasks, f_progress, f_create_time, f_update_time, f_start_time, f_end_time,      f_elapsed, f_run_ip             ,               f_description, f_roles, f_dsl, f_runtime_conf             from t_job                                  WHERE (  f_end_time between ? and ? )
### Cause: org.sqlite.SQLiteException: [SQLITE_ERROR] SQL error or missing database (no such table: t_job)
; uncategorized SQLException for SQL []; SQL state [null]; error code [1]; [SQLITE_ERROR] SQL error or missing database (no such table: t_job); nested exception is org.sqlite.SQLiteException: [SQLITE_ERROR] SQL error or missing database (no such table: t_job)
	at org.springframework.jdbc.support.AbstractFallbackSQLExceptionTranslator.translate(AbstractFallbackSQLExceptionTranslator.java:90)
	at org.springframework.jdbc.support.AbstractFallbackSQLExceptionTranslator.translate(AbstractFallbackSQLExceptionTranslator.java:82)
	at org.springframework.jdbc.support.AbstractFallbackSQLExceptionTranslator.translate(AbstractFallbackSQLExceptionTranslator.java:82)
	at org.mybatis.spring.MyBatisExceptionTranslator.translateExceptionIfPossible(MyBatisExceptionTranslator.java:73)
	at org.mybatis.spring.SqlSessionTemplate$SqlSessionInterceptor.invoke(SqlSessionTemplate.java:446)
	at com.sun.proxy.$Proxy95.selectList(Unknown Source)
	at org.mybatis.spring.SqlSessionTemplate.selectList(SqlSessionTemplate.java:230)
	at org.apache.ibatis.binding.MapperMethod.executeForMany(MapperMethod.java:139)
	at org.apache.ibatis.binding.MapperMethod.execute(MapperMethod.java:76)
	at org.apache.ibatis.binding.MapperProxy.invoke(MapperProxy.java:59)
	at com.sun.proxy.$Proxy96.selectByExampleWithBLOBs(Unknown Source)
	at com.webank.ai.fate.board.services.LogSshLoadService.queryJobSuccessToday(LogSshLoadService.java:80)
	at com.webank.ai.fate.board.services.LogSshLoadService.loadLog(LogSshLoadService.java:53)
	at sun.reflect.NativeMethodAccessorImpl.invoke0(Native Method)
	at sun.reflect.NativeMethodAccessorImpl.invoke(NativeMethodAccessorImpl.java:62)
	at sun.reflect.DelegatingMethodAccessorImpl.invoke(DelegatingMethodAccessorImpl.java:43)
	at java.lang.reflect.Method.invoke(Method.java:498)
	at org.springframework.scheduling.support.ScheduledMethodRunnable.run(ScheduledMethodRunnable.java:84)
	at org.springframework.scheduling.support.DelegatingErrorHandlingRunnable.run(DelegatingErrorHandlingRunnable.java:54)
	at org.springframework.scheduling.concurrent.ReschedulingRunnable.run(ReschedulingRunnable.java:93)
	at java.util.concurrent.Executors$RunnableAdapter.call(Executors.java:511)
	at java.util.concurrent.FutureTask.run(FutureTask.java:266)
	at java.util.concurrent.ScheduledThreadPoolExecutor$ScheduledFutureTask.access$201(ScheduledThreadPoolExecutor.java:180)
	at java.util.concurrent.ScheduledThreadPoolExecutor$ScheduledFutureTask.run(ScheduledThreadPoolExecutor.java:293)
	at java.util.concurrent.ThreadPoolExecutor.runWorker(ThreadPoolExecutor.java:1149)
	at java.util.concurrent.ThreadPoolExecutor$Worker.run(ThreadPoolExecutor.java:624)
	at java.lang.Thread.run(Thread.java:748)
Caused by: org.sqlite.SQLiteException: [SQLITE_ERROR] SQL error or missing database (no such table: t_job)
	at org.sqlite.core.DB.newSQLException(DB.java:941)
	at org.sqlite.core.DB.newSQLException(DB.java:953)
	at org.sqlite.core.DB.throwex(DB.java:918)
	at org.sqlite.core.NativeDB.prepare_utf8(Native Method)
	at org.sqlite.core.NativeDB.prepare(NativeDB.java:134)
	at org.sqlite.core.DB.prepare(DB.java:257)
	at org.sqlite.core.CorePreparedStatement.<init>(CorePreparedStatement.java:47)
	at org.sqlite.jdbc3.JDBC3PreparedStatement.<init>(JDBC3PreparedStatement.java:30)
	at org.sqlite.jdbc4.JDBC4PreparedStatement.<init>(JDBC4PreparedStatement.java:19)
	at org.sqlite.jdbc4.JDBC4Connection.prepareStatement(JDBC4Connection.java:35)
	at org.sqlite.jdbc3.JDBC3Connection.prepareStatement(JDBC3Connection.java:241)
	at org.sqlite.jdbc3.JDBC3Connection.prepareStatement(JDBC3Connection.java:205)
	at sun.reflect.NativeMethodAccessorImpl.invoke0(Native Method)
	at sun.reflect.NativeMethodAccessorImpl.invoke(NativeMethodAccessorImpl.java:62)
	at sun.reflect.DelegatingMethodAccessorImpl.invoke(DelegatingMethodAccessorImpl.java:43)
	at java.lang.reflect.Method.invoke(Method.java:498)
	at org.apache.tomcat.jdbc.pool.ProxyConnection.invoke(ProxyConnection.java:126)
	at org.apache.tomcat.jdbc.pool.JdbcInterceptor.invoke(JdbcInterceptor.java:108)
	at org.apache.tomcat.jdbc.pool.interceptor.AbstractCreateStatementInterceptor.invoke(AbstractCreateStatementInterceptor.java:75)
	at org.apache.tomcat.jdbc.pool.JdbcInterceptor.invoke(JdbcInterceptor.java:108)
	at org.apache.tomcat.jdbc.pool.DisposableConnectionFacade.invoke(DisposableConnectionFacade.java:81)
	at com.sun.proxy.$Proxy111.prepareStatement(Unknown Source)
	at org.apache.ibatis.executor.statement.PreparedStatementHandler.instantiateStatement(PreparedStatementHandler.java:87)
	at org.apache.ibatis.executor.statement.BaseStatementHandler.prepare(BaseStatementHandler.java:88)
	at org.apache.ibatis.executor.statement.RoutingStatementHandler.prepare(RoutingStatementHandler.java:59)
	at org.apache.ibatis.executor.SimpleExecutor.prepareStatement(SimpleExecutor.java:85)
	at org.apache.ibatis.executor.SimpleExecutor.doQuery(SimpleExecutor.java:62)
	at org.apache.ibatis.executor.BaseExecutor.queryFromDatabase(BaseExecutor.java:326)
	at org.apache.ibatis.executor.BaseExecutor.query(BaseExecutor.java:156)
	at org.apache.ibatis.executor.CachingExecutor.query(CachingExecutor.java:109)
	at org.apache.ibatis.executor.CachingExecutor.query(CachingExecutor.java:83)
	at org.apache.ibatis.session.defaults.DefaultSqlSession.selectList(DefaultSqlSession.java:148)
	at org.apache.ibatis.session.defaults.DefaultSqlSession.selectList(DefaultSqlSession.java:141)
	at sun.reflect.NativeMethodAccessorImpl.invoke0(Native Method)
	at sun.reflect.NativeMethodAccessorImpl.invoke(NativeMethodAccessorImpl.java:62)
	at sun.reflect.DelegatingMethodAccessorImpl.invoke(DelegatingMethodAccessorImpl.java:43)
	at java.lang.reflect.Method.invoke(Method.java:498)
	at org.mybatis.spring.SqlSessionTemplate$SqlSessionInterceptor.invoke(SqlSessionTemplate.java:433)
	... 22 common frames omitted
[ERROR] 2020-01-02 10:07:21 [pool-6-thread-1] o.s.s.s.TaskUtils$LoggingErrorHandler - Unexpected error occurred in scheduled task.
org.springframework.jdbc.UncategorizedSQLException: 
### Error querying database.  Cause: org.sqlite.SQLiteException: [SQLITE_ERROR] SQL error or missing database (no such table: t_job)
### The error may exist in URL [jar:file:/data/projects/cos/standalone/standalone-fate-master-1.2.0/fateboard/fateboard-1.2.0.jar!/BOOT-INF/classes!/mapping/JobMapper.xml]
### The error may involve com.webank.ai.fate.board.dao.JobMapper.selectByExampleWithBLOBs
### The error occurred while executing a query
### SQL: select                   'true' as QUERYID,               f_job_id, f_role, f_party_id, f_name, f_tag, f_initiator_party_id, f_status, f_current_steps,      f_current_tasks, f_progress, f_create_time, f_update_time, f_start_time, f_end_time,      f_elapsed, f_run_ip             ,               f_description, f_roles, f_dsl, f_runtime_conf             from t_job                                  WHERE (  f_end_time between ? and ? )
### Cause: org.sqlite.SQLiteException: [SQLITE_ERROR] SQL error or missing database (no such table: t_job)
; uncategorized SQLException for SQL []; SQL state [null]; error code [1]; [SQLITE_ERROR] SQL error or missing database (no such table: t_job); nested exception is org.sqlite.SQLiteException: [SQLITE_ERROR] SQL error or missing database (no such table: t_job)
	at org.springframework.jdbc.support.AbstractFallbackSQLExceptionTranslator.translate(AbstractFallbackSQLExceptionTranslator.java:90)
	at org.springframework.jdbc.support.AbstractFallbackSQLExceptionTranslator.translate(AbstractFallbackSQLExceptionTranslator.java:82)
	at org.springframework.jdbc.support.AbstractFallbackSQLExceptionTranslator.translate(AbstractFallbackSQLExceptionTranslator.java:82)
	at org.mybatis.spring.MyBatisExceptionTranslator.translateExceptionIfPossible(MyBatisExceptionTranslator.java:73)
	at org.mybatis.spring.SqlSessionTemplate$SqlSessionInterceptor.invoke(SqlSessionTemplate.java:446)
	at com.sun.proxy.$Proxy95.selectList(Unknown Source)
	at org.mybatis.spring.SqlSessionTemplate.selectList(SqlSessionTemplate.java:230)
	at org.apache.ibatis.binding.MapperMethod.executeForMany(MapperMethod.java:139)
	at org.apache.ibatis.binding.MapperMethod.execute(MapperMethod.java:76)
	at org.apache.ibatis.binding.MapperProxy.invoke(MapperProxy.java:59)
	at com.sun.proxy.$Proxy96.selectByExampleWithBLOBs(Unknown Source)
	at com.webank.ai.fate.board.services.LogSshLoadService.queryJobSuccessToday(LogSshLoadService.java:80)
	at com.webank.ai.fate.board.services.LogSshLoadService.loadLog(LogSshLoadService.java:53)
	at sun.reflect.NativeMethodAccessorImpl.invoke0(Native Method)
	at sun.reflect.NativeMethodAccessorImpl.invoke(NativeMethodAccessorImpl.java:62)
	at sun.reflect.DelegatingMethodAccessorImpl.invoke(DelegatingMethodAccessorImpl.java:43)
	at java.lang.reflect.Method.invoke(Method.java:498)
	at org.springframework.scheduling.support.ScheduledMethodRunnable.run(ScheduledMethodRunnable.java:84)
	at org.springframework.scheduling.support.DelegatingErrorHandlingRunnable.run(DelegatingErrorHandlingRunnable.java:54)
	at org.springframework.scheduling.concurrent.ReschedulingRunnable.run(ReschedulingRunnable.java:93)
	at java.util.concurrent.Executors$RunnableAdapter.call(Executors.java:511)
	at java.util.concurrent.FutureTask.run(FutureTask.java:266)
	at java.util.concurrent.ScheduledThreadPoolExecutor$ScheduledFutureTask.access$201(ScheduledThreadPoolExecutor.java:180)
	at java.util.concurrent.ScheduledThreadPoolExecutor$ScheduledFutureTask.run(ScheduledThreadPoolExecutor.java:293)
	at java.util.concurrent.ThreadPoolExecutor.runWorker(ThreadPoolExecutor.java:1149)
	at java.util.concurrent.ThreadPoolExecutor$Worker.run(ThreadPoolExecutor.java:624)
	at java.lang.Thread.run(Thread.java:748)
Caused by: org.sqlite.SQLiteException: [SQLITE_ERROR] SQL error or missing database (no such table: t_job)
	at org.sqlite.core.DB.newSQLException(DB.java:941)
	at org.sqlite.core.DB.newSQLException(DB.java:953)
	at org.sqlite.core.DB.throwex(DB.java:918)
	at org.sqlite.core.NativeDB.prepare_utf8(Native Method)
	at org.sqlite.core.NativeDB.prepare(NativeDB.java:134)
	at org.sqlite.core.DB.prepare(DB.java:257)
	at org.sqlite.core.CorePreparedStatement.<init>(CorePreparedStatement.java:47)
	at org.sqlite.jdbc3.JDBC3PreparedStatement.<init>(JDBC3PreparedStatement.java:30)
	at org.sqlite.jdbc4.JDBC4PreparedStatement.<init>(JDBC4PreparedStatement.java:19)
	at org.sqlite.jdbc4.JDBC4Connection.prepareStatement(JDBC4Connection.java:35)
	at org.sqlite.jdbc3.JDBC3Connection.prepareStatement(JDBC3Connection.java:241)
	at org.sqlite.jdbc3.JDBC3Connection.prepareStatement(JDBC3Connection.java:205)
	at sun.reflect.NativeMethodAccessorImpl.invoke0(Native Method)
	at sun.reflect.NativeMethodAccessorImpl.invoke(NativeMethodAccessorImpl.java:62)
	at sun.reflect.DelegatingMethodAccessorImpl.invoke(DelegatingMethodAccessorImpl.java:43)
	at java.lang.reflect.Method.invoke(Method.java:498)
	at org.apache.tomcat.jdbc.pool.ProxyConnection.invoke(ProxyConnection.java:126)
	at org.apache.tomcat.jdbc.pool.JdbcInterceptor.invoke(JdbcInterceptor.java:108)
	at org.apache.tomcat.jdbc.pool.interceptor.AbstractCreateStatementInterceptor.invoke(AbstractCreateStatementInterceptor.java:75)
	at org.apache.tomcat.jdbc.pool.JdbcInterceptor.invoke(JdbcInterceptor.java:108)
	at org.apache.tomcat.jdbc.pool.DisposableConnectionFacade.invoke(DisposableConnectionFacade.java:81)
	at com.sun.proxy.$Proxy111.prepareStatement(Unknown Source)
	at org.apache.ibatis.executor.statement.PreparedStatementHandler.instantiateStatement(PreparedStatementHandler.java:87)
	at org.apache.ibatis.executor.statement.BaseStatementHandler.prepare(BaseStatementHandler.java:88)
	at org.apache.ibatis.executor.statement.RoutingStatementHandler.prepare(RoutingStatementHandler.java:59)
	at org.apache.ibatis.executor.SimpleExecutor.prepareStatement(SimpleExecutor.java:85)
	at org.apache.ibatis.executor.SimpleExecutor.doQuery(SimpleExecutor.java:62)
	at org.apache.ibatis.executor.BaseExecutor.queryFromDatabase(BaseExecutor.java:326)
	at org.apache.ibatis.executor.BaseExecutor.query(BaseExecutor.java:156)
	at org.apache.ibatis.executor.CachingExecutor.query(CachingExecutor.java:109)
	at org.apache.ibatis.executor.CachingExecutor.query(CachingExecutor.java:83)
	at org.apache.ibatis.session.defaults.DefaultSqlSession.selectList(DefaultSqlSession.java:148)
	at org.apache.ibatis.session.defaults.DefaultSqlSession.selectList(DefaultSqlSession.java:141)
	at sun.reflect.NativeMethodAccessorImpl.invoke0(Native Method)
	at sun.reflect.NativeMethodAccessorImpl.invoke(NativeMethodAccessorImpl.java:62)
	at sun.reflect.DelegatingMethodAccessorImpl.invoke(DelegatingMethodAccessorImpl.java:43)
	at java.lang.reflect.Method.invoke(Method.java:498)
	at org.mybatis.spring.SqlSessionTemplate$SqlSessionInterceptor.invoke(SqlSessionTemplate.java:433)
	... 22 common frames omitted
[ERROR] 2020-01-02 10:07:21 [pool-6-thread-1] o.s.s.s.TaskUtils$LoggingErrorHandler - Unexpected error occurred in scheduled task.
org.springframework.jdbc.UncategorizedSQLException: 
### Error querying database.  Cause: org.sqlite.SQLiteException: [SQLITE_ERROR] SQL error or missing database (no such table: t_job)
### The error may exist in URL [jar:file:/data/projects/cos/standalone/standalone-fate-master-1.2.0/fateboard/fateboard-1.2.0.jar!/BOOT-INF/classes!/mapping/JobMapper.xml]
### The error may involve com.webank.ai.fate.board.dao.JobMapper.selectByExampleWithBLOBs
### The error occurred while executing a query
### SQL: select                   'true' as QUERYID,               f_job_id, f_role, f_party_id, f_name, f_tag, f_initiator_party_id, f_status, f_current_steps,      f_current_tasks, f_progress, f_create_time, f_update_time, f_start_time, f_end_time,      f_elapsed, f_run_ip             ,               f_description, f_roles, f_dsl, f_runtime_conf             from t_job                                  WHERE (  f_end_time between ? and ? )
### Cause: org.sqlite.SQLiteException: [SQLITE_ERROR] SQL error or missing database (no such table: t_job)
; uncategorized SQLException for SQL []; SQL state [null]; error code [1]; [SQLITE_ERROR] SQL error or missing database (no such table: t_job); nested exception is org.sqlite.SQLiteException: [SQLITE_ERROR] SQL error or missing database (no such table: t_job)
	at org.springframework.jdbc.support.AbstractFallbackSQLExceptionTranslator.translate(AbstractFallbackSQLExceptionTranslator.java:90)
	at org.springframework.jdbc.support.AbstractFallbackSQLExceptionTranslator.translate(AbstractFallbackSQLExceptionTranslator.java:82)
	at org.springframework.jdbc.support.AbstractFallbackSQLExceptionTranslator.translate(AbstractFallbackSQLExceptionTranslator.java:82)
	at org.mybatis.spring.MyBatisExceptionTranslator.translateExceptionIfPossible(MyBatisExceptionTranslator.java:73)
	at org.mybatis.spring.SqlSessionTemplate$SqlSessionInterceptor.invoke(SqlSessionTemplate.java:446)
	at com.sun.proxy.$Proxy95.selectList(Unknown Source)
	at org.mybatis.spring.SqlSessionTemplate.selectList(SqlSessionTemplate.java:230)
	at org.apache.ibatis.binding.MapperMethod.executeForMany(MapperMethod.java:139)
	at org.apache.ibatis.binding.MapperMethod.execute(MapperMethod.java:76)
	at org.apache.ibatis.binding.MapperProxy.invoke(MapperProxy.java:59)
	at com.sun.proxy.$Proxy96.selectByExampleWithBLOBs(Unknown Source)
	at com.webank.ai.fate.board.services.LogSshLoadService.queryJobSuccessToday(LogSshLoadService.java:80)
	at com.webank.ai.fate.board.services.LogSshLoadService.loadLog(LogSshLoadService.java:53)
	at sun.reflect.NativeMethodAccessorImpl.invoke0(Native Method)
	at sun.reflect.NativeMethodAccessorImpl.invoke(NativeMethodAccessorImpl.java:62)
	at sun.reflect.DelegatingMethodAccessorImpl.invoke(DelegatingMethodAccessorImpl.java:43)
	at java.lang.reflect.Method.invoke(Method.java:498)
	at org.springframework.scheduling.support.ScheduledMethodRunnable.run(ScheduledMethodRunnable.java:84)
	at org.springframework.scheduling.support.DelegatingErrorHandlingRunnable.run(DelegatingErrorHandlingRunnable.java:54)
	at org.springframework.scheduling.concurrent.ReschedulingRunnable.run(ReschedulingRunnable.java:93)
	at java.util.concurrent.Executors$RunnableAdapter.call(Executors.java:511)
	at java.util.concurrent.FutureTask.run(FutureTask.java:266)
	at java.util.concurrent.ScheduledThreadPoolExecutor$ScheduledFutureTask.access$201(ScheduledThreadPoolExecutor.java:180)
	at java.util.concurrent.ScheduledThreadPoolExecutor$ScheduledFutureTask.run(ScheduledThreadPoolExecutor.java:293)
	at java.util.concurrent.ThreadPoolExecutor.runWorker(ThreadPoolExecutor.java:1149)
	at java.util.concurrent.ThreadPoolExecutor$Worker.run(ThreadPoolExecutor.java:624)
	at java.lang.Thread.run(Thread.java:748)
Caused by: org.sqlite.SQLiteException: [SQLITE_ERROR] SQL error or missing database (no such table: t_job)
	at org.sqlite.core.DB.newSQLException(DB.java:941)
	at org.sqlite.core.DB.newSQLException(DB.java:953)
	at org.sqlite.core.DB.throwex(DB.java:918)
	at org.sqlite.core.NativeDB.prepare_utf8(Native Method)
	at org.sqlite.core.NativeDB.prepare(NativeDB.java:134)
	at org.sqlite.core.DB.prepare(DB.java:257)
	at org.sqlite.core.CorePreparedStatement.<init>(CorePreparedStatement.java:47)
	at org.sqlite.jdbc3.JDBC3PreparedStatement.<init>(JDBC3PreparedStatement.java:30)
	at org.sqlite.jdbc4.JDBC4PreparedStatement.<init>(JDBC4PreparedStatement.java:19)
	at org.sqlite.jdbc4.JDBC4Connection.prepareStatement(JDBC4Connection.java:35)
	at org.sqlite.jdbc3.JDBC3Connection.prepareStatement(JDBC3Connection.java:241)
	at org.sqlite.jdbc3.JDBC3Connection.prepareStatement(JDBC3Connection.java:205)
	at sun.reflect.NativeMethodAccessorImpl.invoke0(Native Method)
	at sun.reflect.NativeMethodAccessorImpl.invoke(NativeMethodAccessorImpl.java:62)
	at sun.reflect.DelegatingMethodAccessorImpl.invoke(DelegatingMethodAccessorImpl.java:43)
	at java.lang.reflect.Method.invoke(Method.java:498)
	at org.apache.tomcat.jdbc.pool.ProxyConnection.invoke(ProxyConnection.java:126)
	at org.apache.tomcat.jdbc.pool.JdbcInterceptor.invoke(JdbcInterceptor.java:108)
	at org.apache.tomcat.jdbc.pool.interceptor.AbstractCreateStatementInterceptor.invoke(AbstractCreateStatementInterceptor.java:75)
	at org.apache.tomcat.jdbc.pool.JdbcInterceptor.invoke(JdbcInterceptor.java:108)
	at org.apache.tomcat.jdbc.pool.DisposableConnectionFacade.invoke(DisposableConnectionFacade.java:81)
	at com.sun.proxy.$Proxy111.prepareStatement(Unknown Source)
	at org.apache.ibatis.executor.statement.PreparedStatementHandler.instantiateStatement(PreparedStatementHandler.java:87)
	at org.apache.ibatis.executor.statement.BaseStatementHandler.prepare(BaseStatementHandler.java:88)
	at org.apache.ibatis.executor.statement.RoutingStatementHandler.prepare(RoutingStatementHandler.java:59)
	at org.apache.ibatis.executor.SimpleExecutor.prepareStatement(SimpleExecutor.java:85)
	at org.apache.ibatis.executor.SimpleExecutor.doQuery(SimpleExecutor.java:62)
	at org.apache.ibatis.executor.BaseExecutor.queryFromDatabase(BaseExecutor.java:326)
	at org.apache.ibatis.executor.BaseExecutor.query(BaseExecutor.java:156)
	at org.apache.ibatis.executor.CachingExecutor.query(CachingExecutor.java:109)
	at org.apache.ibatis.executor.CachingExecutor.query(CachingExecutor.java:83)
	at org.apache.ibatis.session.defaults.DefaultSqlSession.selectList(DefaultSqlSession.java:148)
	at org.apache.ibatis.session.defaults.DefaultSqlSession.selectList(DefaultSqlSession.java:141)
	at sun.reflect.NativeMethodAccessorImpl.invoke0(Native Method)
	at sun.reflect.NativeMethodAccessorImpl.invoke(NativeMethodAccessorImpl.java:62)
	at sun.reflect.DelegatingMethodAccessorImpl.invoke(DelegatingMethodAccessorImpl.java:43)
	at java.lang.reflect.Method.invoke(Method.java:498)
	at org.mybatis.spring.SqlSessionTemplate$SqlSessionInterceptor.invoke(SqlSessionTemplate.java:433)
	... 22 common frames omitted
[ERROR] 2020-01-02 10:07:21 [pool-6-thread-1] o.s.s.s.TaskUtils$LoggingErrorHandler - Unexpected error occurred in scheduled task.
org.springframework.jdbc.UncategorizedSQLException: 
### Error querying database.  Cause: org.sqlite.SQLiteException: [SQLITE_ERROR] SQL error or missing database (no such table: t_job)
### The error may exist in URL [jar:file:/data/projects/cos/standalone/standalone-fate-master-1.2.0/fateboard/fateboard-1.2.0.jar!/BOOT-INF/classes!/mapping/JobMapper.xml]
### The error may involve com.webank.ai.fate.board.dao.JobMapper.selectByExampleWithBLOBs
### The error occurred while executing a query
### SQL: select                   'true' as QUERYID,               f_job_id, f_role, f_party_id, f_name, f_tag, f_initiator_party_id, f_status, f_current_steps,      f_current_tasks, f_progress, f_create_time, f_update_time, f_start_time, f_end_time,      f_elapsed, f_run_ip             ,               f_description, f_roles, f_dsl, f_runtime_conf             from t_job                                  WHERE (  f_end_time between ? and ? )
### Cause: org.sqlite.SQLiteException: [SQLITE_ERROR] SQL error or missing database (no such table: t_job)
; uncategorized SQLException for SQL []; SQL state [null]; error code [1]; [SQLITE_ERROR] SQL error or missing database (no such table: t_job); nested exception is org.sqlite.SQLiteException: [SQLITE_ERROR] SQL error or missing database (no such table: t_job)
	at org.springframework.jdbc.support.AbstractFallbackSQLExceptionTranslator.translate(AbstractFallbackSQLExceptionTranslator.java:90)
	at org.springframework.jdbc.support.AbstractFallbackSQLExceptionTranslator.translate(AbstractFallbackSQLExceptionTranslator.java:82)
	at org.springframework.jdbc.support.AbstractFallbackSQLExceptionTranslator.translate(AbstractFallbackSQLExceptionTranslator.java:82)
	at org.mybatis.spring.MyBatisExceptionTranslator.translateExceptionIfPossible(MyBatisExceptionTranslator.java:73)
	at org.mybatis.spring.SqlSessionTemplate$SqlSessionInterceptor.invoke(SqlSessionTemplate.java:446)
	at com.sun.proxy.$Proxy95.selectList(Unknown Source)
	at org.mybatis.spring.SqlSessionTemplate.selectList(SqlSessionTemplate.java:230)
	at org.apache.ibatis.binding.MapperMethod.executeForMany(MapperMethod.java:139)
	at org.apache.ibatis.binding.MapperMethod.execute(MapperMethod.java:76)
	at org.apache.ibatis.binding.MapperProxy.invoke(MapperProxy.java:59)
	at com.sun.proxy.$Proxy96.selectByExampleWithBLOBs(Unknown Source)
	at com.webank.ai.fate.board.services.LogSshLoadService.queryJobSuccessToday(LogSshLoadService.java:80)
	at com.webank.ai.fate.board.services.LogSshLoadService.loadLog(LogSshLoadService.java:53)
	at sun.reflect.NativeMethodAccessorImpl.invoke0(Native Method)
	at sun.reflect.NativeMethodAccessorImpl.invoke(NativeMethodAccessorImpl.java:62)
	at sun.reflect.DelegatingMethodAccessorImpl.invoke(DelegatingMethodAccessorImpl.java:43)
	at java.lang.reflect.Method.invoke(Method.java:498)
	at org.springframework.scheduling.support.ScheduledMethodRunnable.run(ScheduledMethodRunnable.java:84)
	at org.springframework.scheduling.support.DelegatingErrorHandlingRunnable.run(DelegatingErrorHandlingRunnable.java:54)
	at org.springframework.scheduling.concurrent.ReschedulingRunnable.run(ReschedulingRunnable.java:93)
	at java.util.concurrent.Executors$RunnableAdapter.call(Executors.java:511)
	at java.util.concurrent.FutureTask.run(FutureTask.java:266)
	at java.util.concurrent.ScheduledThreadPoolExecutor$ScheduledFutureTask.access$201(ScheduledThreadPoolExecutor.java:180)
	at java.util.concurrent.ScheduledThreadPoolExecutor$ScheduledFutureTask.run(ScheduledThreadPoolExecutor.java:293)
	at java.util.concurrent.ThreadPoolExecutor.runWorker(ThreadPoolExecutor.java:1149)
	at java.util.concurrent.ThreadPoolExecutor$Worker.run(ThreadPoolExecutor.java:624)
	at java.lang.Thread.run(Thread.java:748)
Caused by: org.sqlite.SQLiteException: [SQLITE_ERROR] SQL error or missing database (no such table: t_job)
	at org.sqlite.core.DB.newSQLException(DB.java:941)
	at org.sqlite.core.DB.newSQLException(DB.java:953)
	at org.sqlite.core.DB.throwex(DB.java:918)
	at org.sqlite.core.NativeDB.prepare_utf8(Native Method)
	at org.sqlite.core.NativeDB.prepare(NativeDB.java:134)
	at org.sqlite.core.DB.prepare(DB.java:257)
	at org.sqlite.core.CorePreparedStatement.<init>(CorePreparedStatement.java:47)
	at org.sqlite.jdbc3.JDBC3PreparedStatement.<init>(JDBC3PreparedStatement.java:30)
	at org.sqlite.jdbc4.JDBC4PreparedStatement.<init>(JDBC4PreparedStatement.java:19)
	at org.sqlite.jdbc4.JDBC4Connection.prepareStatement(JDBC4Connection.java:35)
	at org.sqlite.jdbc3.JDBC3Connection.prepareStatement(JDBC3Connection.java:241)
	at org.sqlite.jdbc3.JDBC3Connection.prepareStatement(JDBC3Connection.java:205)
	at sun.reflect.NativeMethodAccessorImpl.invoke0(Native Method)
	at sun.reflect.NativeMethodAccessorImpl.invoke(NativeMethodAccessorImpl.java:62)
	at sun.reflect.DelegatingMethodAccessorImpl.invoke(DelegatingMethodAccessorImpl.java:43)
	at java.lang.reflect.Method.invoke(Method.java:498)
	at org.apache.tomcat.jdbc.pool.ProxyConnection.invoke(ProxyConnection.java:126)
	at org.apache.tomcat.jdbc.pool.JdbcInterceptor.invoke(JdbcInterceptor.java:108)
	at org.apache.tomcat.jdbc.pool.interceptor.AbstractCreateStatementInterceptor.invoke(AbstractCreateStatementInterceptor.java:75)
	at org.apache.tomcat.jdbc.pool.JdbcInterceptor.invoke(JdbcInterceptor.java:108)
	at org.apache.tomcat.jdbc.pool.DisposableConnectionFacade.invoke(DisposableConnectionFacade.java:81)
	at com.sun.proxy.$Proxy111.prepareStatement(Unknown Source)
	at org.apache.ibatis.executor.statement.PreparedStatementHandler.instantiateStatement(PreparedStatementHandler.java:87)
	at org.apache.ibatis.executor.statement.BaseStatementHandler.prepare(BaseStatementHandler.java:88)
	at org.apache.ibatis.executor.statement.RoutingStatementHandler.prepare(RoutingStatementHandler.java:59)
	at org.apache.ibatis.executor.SimpleExecutor.prepareStatement(SimpleExecutor.java:85)
	at org.apache.ibatis.executor.SimpleExecutor.doQuery(SimpleExecutor.java:62)
	at org.apache.ibatis.executor.BaseExecutor.queryFromDatabase(BaseExecutor.java:326)
	at org.apache.ibatis.executor.BaseExecutor.query(BaseExecutor.java:156)
	at org.apache.ibatis.executor.CachingExecutor.query(CachingExecutor.java:109)
	at org.apache.ibatis.executor.CachingExecutor.query(CachingExecutor.java:83)
	at org.apache.ibatis.session.defaults.DefaultSqlSession.selectList(DefaultSqlSession.java:148)
	at org.apache.ibatis.session.defaults.DefaultSqlSession.selectList(DefaultSqlSession.java:141)
	at sun.reflect.NativeMethodAccessorImpl.invoke0(Native Method)
	at sun.reflect.NativeMethodAccessorImpl.invoke(NativeMethodAccessorImpl.java:62)
	at sun.reflect.DelegatingMethodAccessorImpl.invoke(DelegatingMethodAccessorImpl.java:43)
	at java.lang.reflect.Method.invoke(Method.java:498)
	at org.mybatis.spring.SqlSessionTemplate$SqlSessionInterceptor.invoke(SqlSessionTemplate.java:433)
	... 22 common frames omitted
[ERROR] 2020-01-02 10:07:21 [pool-6-thread-1] o.s.s.s.TaskUtils$LoggingErrorHandler - Unexpected error occurred in scheduled task.
org.springframework.jdbc.UncategorizedSQLException: 
### Error querying database.  Cause: org.sqlite.SQLiteException: [SQLITE_ERROR] SQL error or missing database (no such table: t_job)
### The error may exist in URL [jar:file:/data/projects/cos/standalone/standalone-fate-master-1.2.0/fateboard/fateboard-1.2.0.jar!/BOOT-INF/classes!/mapping/JobMapper.xml]
### The error may involve com.webank.ai.fate.board.dao.JobMapper.selectByExampleWithBLOBs
### The error occurred while executing a query
### SQL: select                   'true' as QUERYID,               f_job_id, f_role, f_party_id, f_name, f_tag, f_initiator_party_id, f_status, f_current_steps,      f_current_tasks, f_progress, f_create_time, f_update_time, f_start_time, f_end_time,      f_elapsed, f_run_ip             ,               f_description, f_roles, f_dsl, f_runtime_conf             from t_job                                  WHERE (  f_end_time between ? and ? )
### Cause: org.sqlite.SQLiteException: [SQLITE_ERROR] SQL error or missing database (no such table: t_job)
; uncategorized SQLException for SQL []; SQL state [null]; error code [1]; [SQLITE_ERROR] SQL error or missing database (no such table: t_job); nested exception is org.sqlite.SQLiteException: [SQLITE_ERROR] SQL error or missing database (no such table: t_job)
	at org.springframework.jdbc.support.AbstractFallbackSQLExceptionTranslator.translate(AbstractFallbackSQLExceptionTranslator.java:90)
	at org.springframework.jdbc.support.AbstractFallbackSQLExceptionTranslator.translate(AbstractFallbackSQLExceptionTranslator.java:82)
	at org.springframework.jdbc.support.AbstractFallbackSQLExceptionTranslator.translate(AbstractFallbackSQLExceptionTranslator.java:82)
	at org.mybatis.spring.MyBatisExceptionTranslator.translateExceptionIfPossible(MyBatisExceptionTranslator.java:73)
	at org.mybatis.spring.SqlSessionTemplate$SqlSessionInterceptor.invoke(SqlSessionTemplate.java:446)
	at com.sun.proxy.$Proxy95.selectList(Unknown Source)
	at org.mybatis.spring.SqlSessionTemplate.selectList(SqlSessionTemplate.java:230)
	at org.apache.ibatis.binding.MapperMethod.executeForMany(MapperMethod.java:139)
	at org.apache.ibatis.binding.MapperMethod.execute(MapperMethod.java:76)
	at org.apache.ibatis.binding.MapperProxy.invoke(MapperProxy.java:59)
	at com.sun.proxy.$Proxy96.selectByExampleWithBLOBs(Unknown Source)
	at com.webank.ai.fate.board.services.LogSshLoadService.queryJobSuccessToday(LogSshLoadService.java:80)
	at com.webank.ai.fate.board.services.LogSshLoadService.loadLog(LogSshLoadService.java:53)
	at sun.reflect.NativeMethodAccessorImpl.invoke0(Native Method)
	at sun.reflect.NativeMethodAccessorImpl.invoke(NativeMethodAccessorImpl.java:62)
	at sun.reflect.DelegatingMethodAccessorImpl.invoke(DelegatingMethodAccessorImpl.java:43)
	at java.lang.reflect.Method.invoke(Method.java:498)
	at org.springframework.scheduling.support.ScheduledMethodRunnable.run(ScheduledMethodRunnable.java:84)
	at org.springframework.scheduling.support.DelegatingErrorHandlingRunnable.run(DelegatingErrorHandlingRunnable.java:54)
	at org.springframework.scheduling.concurrent.ReschedulingRunnable.run(ReschedulingRunnable.java:93)
	at java.util.concurrent.Executors$RunnableAdapter.call(Executors.java:511)
	at java.util.concurrent.FutureTask.run(FutureTask.java:266)
	at java.util.concurrent.ScheduledThreadPoolExecutor$ScheduledFutureTask.access$201(ScheduledThreadPoolExecutor.java:180)
	at java.util.concurrent.ScheduledThreadPoolExecutor$ScheduledFutureTask.run(ScheduledThreadPoolExecutor.java:293)
	at java.util.concurrent.ThreadPoolExecutor.runWorker(ThreadPoolExecutor.java:1149)
	at java.util.concurrent.ThreadPoolExecutor$Worker.run(ThreadPoolExecutor.java:624)
	at java.lang.Thread.run(Thread.java:748)
Caused by: org.sqlite.SQLiteException: [SQLITE_ERROR] SQL error or missing database (no such table: t_job)
	at org.sqlite.core.DB.newSQLException(DB.java:941)
	at org.sqlite.core.DB.newSQLException(DB.java:953)
	at org.sqlite.core.DB.throwex(DB.java:918)
	at org.sqlite.core.NativeDB.prepare_utf8(Native Method)
	at org.sqlite.core.NativeDB.prepare(NativeDB.java:134)
	at org.sqlite.core.DB.prepare(DB.java:257)
	at org.sqlite.core.CorePreparedStatement.<init>(CorePreparedStatement.java:47)
	at org.sqlite.jdbc3.JDBC3PreparedStatement.<init>(JDBC3PreparedStatement.java:30)
	at org.sqlite.jdbc4.JDBC4PreparedStatement.<init>(JDBC4PreparedStatement.java:19)
	at org.sqlite.jdbc4.JDBC4Connection.prepareStatement(JDBC4Connection.java:35)
	at org.sqlite.jdbc3.JDBC3Connection.prepareStatement(JDBC3Connection.java:241)
	at org.sqlite.jdbc3.JDBC3Connection.prepareStatement(JDBC3Connection.java:205)
	at sun.reflect.NativeMethodAccessorImpl.invoke0(Native Method)
	at sun.reflect.NativeMethodAccessorImpl.invoke(NativeMethodAccessorImpl.java:62)
	at sun.reflect.DelegatingMethodAccessorImpl.invoke(DelegatingMethodAccessorImpl.java:43)
	at java.lang.reflect.Method.invoke(Method.java:498)
	at org.apache.tomcat.jdbc.pool.ProxyConnection.invoke(ProxyConnection.java:126)
	at org.apache.tomcat.jdbc.pool.JdbcInterceptor.invoke(JdbcInterceptor.java:108)
	at org.apache.tomcat.jdbc.pool.interceptor.AbstractCreateStatementInterceptor.invoke(AbstractCreateStatementInterceptor.java:75)
	at org.apache.tomcat.jdbc.pool.JdbcInterceptor.invoke(JdbcInterceptor.java:108)
	at org.apache.tomcat.jdbc.pool.DisposableConnectionFacade.invoke(DisposableConnectionFacade.java:81)
	at com.sun.proxy.$Proxy111.prepareStatement(Unknown Source)
	at org.apache.ibatis.executor.statement.PreparedStatementHandler.instantiateStatement(PreparedStatementHandler.java:87)
	at org.apache.ibatis.executor.statement.BaseStatementHandler.prepare(BaseStatementHandler.java:88)
	at org.apache.ibatis.executor.statement.RoutingStatementHandler.prepare(RoutingStatementHandler.java:59)
	at org.apache.ibatis.executor.SimpleExecutor.prepareStatement(SimpleExecutor.java:85)
	at org.apache.ibatis.executor.SimpleExecutor.doQuery(SimpleExecutor.java:62)
	at org.apache.ibatis.executor.BaseExecutor.queryFromDatabase(BaseExecutor.java:326)
	at org.apache.ibatis.executor.BaseExecutor.query(BaseExecutor.java:156)
	at org.apache.ibatis.executor.CachingExecutor.query(CachingExecutor.java:109)
	at org.apache.ibatis.executor.CachingExecutor.query(CachingExecutor.java:83)
	at org.apache.ibatis.session.defaults.DefaultSqlSession.selectList(DefaultSqlSession.java:148)
	at org.apache.ibatis.session.defaults.DefaultSqlSession.selectList(DefaultSqlSession.java:141)
	at sun.reflect.NativeMethodAccessorImpl.invoke0(Native Method)
	at sun.reflect.NativeMethodAccessorImpl.invoke(NativeMethodAccessorImpl.java:62)
	at sun.reflect.DelegatingMethodAccessorImpl.invoke(DelegatingMethodAccessorImpl.java:43)
	at java.lang.reflect.Method.invoke(Method.java:498)
	at org.mybatis.spring.SqlSessionTemplate$SqlSessionInterceptor.invoke(SqlSessionTemplate.java:433)
	... 22 common frames omitted
