"2021-03-13 16:54:45,575 - db_models.py[line:56] - INFO: init sqlite database on standalone mode successfully"
"2021-03-13 16:57:04,824 - db_models.py[line:56] - INFO: init sqlite database on standalone mode successfully"
"2021-03-13 16:57:05,481 - job_utils.py[line:336] - INFO: child process 81185 exit with exitcode 0"
"2021-03-13 16:57:05,481 - job_utils.py[line:339] - WARNING: current process has no existing unwaited-for child processes."
"2021-03-13 17:06:45,220 - db_models.py[line:56] - INFO: init sqlite database on standalone mode successfully"
"2021-03-13 17:06:45,956 - job_utils.py[line:336] - INFO: child process 81774 exit with exitcode 0"
"2021-03-13 17:06:45,957 - job_utils.py[line:339] - WARNING: current process has no existing unwaited-for child processes."
"2021-03-13 17:06:46,171 - queue_manager.py[line:152] - INFO: init in-process queue"
"2021-03-13 17:06:51,194 - job_detector.py[line:27] - INFO: start to detect running job.."
"2021-03-13 17:06:51,194 - job_detector.py[line:68] - INFO: finish detect running job"
"2021-03-13 17:06:56,204 - job_detector.py[line:27] - INFO: start to detect running job.."
"2021-03-13 17:06:56,204 - job_detector.py[line:68] - INFO: finish detect running job"
"2021-03-13 17:07:01,225 - job_detector.py[line:27] - INFO: start to detect running job.."
"2021-03-13 17:07:01,226 - job_detector.py[line:68] - INFO: finish detect running job"
"2021-03-13 17:07:06,237 - job_detector.py[line:27] - INFO: start to detect running job.."
"2021-03-13 17:07:06,237 - job_detector.py[line:68] - INFO: finish detect running job"
"2021-03-13 17:07:11,248 - job_detector.py[line:27] - INFO: start to detect running job.."
"2021-03-13 17:07:11,248 - job_detector.py[line:68] - INFO: finish detect running job"
"2021-03-13 17:07:16,269 - job_detector.py[line:27] - INFO: start to detect running job.."
"2021-03-13 17:07:16,270 - job_detector.py[line:68] - INFO: finish detect running job"
"2021-03-13 17:07:21,280 - job_detector.py[line:27] - INFO: start to detect running job.."
"2021-03-13 17:07:21,280 - job_detector.py[line:68] - INFO: finish detect running job"
"2021-03-13 17:07:26,292 - job_detector.py[line:27] - INFO: start to detect running job.."
"2021-03-13 17:07:26,292 - job_detector.py[line:68] - INFO: finish detect running job"
"2021-03-13 17:07:31,311 - job_detector.py[line:27] - INFO: start to detect running job.."
"2021-03-13 17:07:31,312 - job_detector.py[line:68] - INFO: finish detect running job"
"2021-03-13 17:07:36,334 - job_detector.py[line:27] - INFO: start to detect running job.."
"2021-03-13 17:07:36,334 - job_detector.py[line:68] - INFO: finish detect running job"
"2021-03-13 17:07:41,349 - job_detector.py[line:27] - INFO: start to detect running job.."
"2021-03-13 17:07:41,350 - job_detector.py[line:68] - INFO: finish detect running job"
"2021-03-13 17:07:46,376 - job_detector.py[line:27] - INFO: start to detect running job.."
"2021-03-13 17:07:46,377 - job_detector.py[line:68] - INFO: finish detect running job"
"2021-03-13 17:07:51,384 - job_detector.py[line:27] - INFO: start to detect running job.."
"2021-03-13 17:07:51,384 - job_detector.py[line:68] - INFO: finish detect running job"
"2021-03-13 17:07:56,392 - job_detector.py[line:27] - INFO: start to detect running job.."
"2021-03-13 17:07:56,410 - job_detector.py[line:68] - INFO: finish detect running job"
"2021-03-13 17:08:01,463 - job_detector.py[line:27] - INFO: start to detect running job.."
"2021-03-13 17:08:01,463 - job_detector.py[line:68] - INFO: finish detect running job"
"2021-03-13 17:08:06,474 - job_detector.py[line:27] - INFO: start to detect running job.."
"2021-03-13 17:08:06,475 - job_detector.py[line:68] - INFO: finish detect running job"
"2021-03-13 17:08:11,485 - job_detector.py[line:27] - INFO: start to detect running job.."
"2021-03-13 17:08:11,485 - job_detector.py[line:68] - INFO: finish detect running job"
"2021-03-13 17:08:16,507 - job_detector.py[line:27] - INFO: start to detect running job.."
"2021-03-13 17:08:16,507 - job_detector.py[line:68] - INFO: finish detect running job"
"2021-03-13 17:08:21,520 - job_detector.py[line:27] - INFO: start to detect running job.."
"2021-03-13 17:08:21,520 - job_detector.py[line:68] - INFO: finish detect running job"
"2021-03-13 17:08:26,529 - job_detector.py[line:27] - INFO: start to detect running job.."
"2021-03-13 17:08:26,529 - job_detector.py[line:68] - INFO: finish detect running job"
"2021-03-13 17:08:31,558 - job_detector.py[line:27] - INFO: start to detect running job.."
"2021-03-13 17:08:31,558 - job_detector.py[line:68] - INFO: finish detect running job"
"2021-03-13 17:08:36,566 - job_detector.py[line:27] - INFO: start to detect running job.."
"2021-03-13 17:08:36,566 - job_detector.py[line:68] - INFO: finish detect running job"
"2021-03-13 17:08:41,575 - job_detector.py[line:27] - INFO: start to detect running job.."
"2021-03-13 17:08:41,575 - job_detector.py[line:68] - INFO: finish detect running job"
"2021-03-13 17:08:46,586 - job_detector.py[line:27] - INFO: start to detect running job.."
"2021-03-13 17:08:46,587 - job_detector.py[line:68] - INFO: finish detect running job"
"2021-03-13 17:08:51,595 - job_detector.py[line:27] - INFO: start to detect running job.."
"2021-03-13 17:08:51,595 - job_detector.py[line:68] - INFO: finish detect running job"
"2021-03-13 17:08:56,614 - job_detector.py[line:27] - INFO: start to detect running job.."
"2021-03-13 17:08:56,614 - job_detector.py[line:68] - INFO: finish detect running job"
"2021-03-13 17:09:01,625 - job_detector.py[line:27] - INFO: start to detect running job.."
"2021-03-13 17:09:01,626 - job_detector.py[line:68] - INFO: finish detect running job"
"2021-03-13 17:09:06,636 - job_detector.py[line:27] - INFO: start to detect running job.."
"2021-03-13 17:09:06,636 - job_detector.py[line:68] - INFO: finish detect running job"
"2021-03-13 17:09:11,645 - job_detector.py[line:27] - INFO: start to detect running job.."
"2021-03-13 17:09:11,646 - job_detector.py[line:68] - INFO: finish detect running job"
"2021-03-13 17:09:16,664 - job_detector.py[line:27] - INFO: start to detect running job.."
"2021-03-13 17:09:16,664 - job_detector.py[line:68] - INFO: finish detect running job"
"2021-03-13 17:09:21,672 - job_detector.py[line:27] - INFO: start to detect running job.."
"2021-03-13 17:09:21,672 - job_detector.py[line:68] - INFO: finish detect running job"
"2021-03-13 17:09:26,681 - job_detector.py[line:27] - INFO: start to detect running job.."
"2021-03-13 17:09:26,682 - job_detector.py[line:68] - INFO: finish detect running job"
"2021-03-13 17:09:31,705 - job_detector.py[line:27] - INFO: start to detect running job.."
"2021-03-13 17:09:31,705 - job_detector.py[line:68] - INFO: finish detect running job"
"2021-03-13 17:09:36,726 - job_detector.py[line:27] - INFO: start to detect running job.."
"2021-03-13 17:09:36,728 - job_detector.py[line:68] - INFO: finish detect running job"
"2021-03-13 17:09:41,736 - job_detector.py[line:27] - INFO: start to detect running job.."
"2021-03-13 17:09:41,737 - job_detector.py[line:68] - INFO: finish detect running job"
"2021-03-13 17:09:46,762 - job_detector.py[line:27] - INFO: start to detect running job.."
"2021-03-13 17:09:46,766 - job_detector.py[line:68] - INFO: finish detect running job"
"2021-03-13 17:09:51,771 - job_detector.py[line:27] - INFO: start to detect running job.."
"2021-03-13 17:09:51,772 - job_detector.py[line:68] - INFO: finish detect running job"
"2021-03-13 17:09:56,777 - job_detector.py[line:27] - INFO: start to detect running job.."
"2021-03-13 17:09:56,777 - job_detector.py[line:68] - INFO: finish detect running job"
"2021-03-13 17:10:01,839 - job_detector.py[line:27] - INFO: start to detect running job.."
"2021-03-13 17:10:01,840 - job_detector.py[line:68] - INFO: finish detect running job"
"2021-03-13 17:10:06,854 - job_detector.py[line:27] - INFO: start to detect running job.."
"2021-03-13 17:10:06,854 - job_detector.py[line:68] - INFO: finish detect running job"
"2021-03-13 17:10:11,862 - job_detector.py[line:27] - INFO: start to detect running job.."
"2021-03-13 17:10:11,862 - job_detector.py[line:68] - INFO: finish detect running job"
"2021-03-13 17:10:16,880 - job_detector.py[line:27] - INFO: start to detect running job.."
"2021-03-13 17:10:16,880 - job_detector.py[line:68] - INFO: finish detect running job"
"2021-03-13 17:10:21,889 - job_detector.py[line:27] - INFO: start to detect running job.."
"2021-03-13 17:10:21,889 - job_detector.py[line:68] - INFO: finish detect running job"
"2021-03-13 17:10:26,896 - job_detector.py[line:27] - INFO: start to detect running job.."
"2021-03-13 17:10:26,896 - job_detector.py[line:68] - INFO: finish detect running job"
"2021-03-13 17:10:31,919 - job_detector.py[line:27] - INFO: start to detect running job.."
"2021-03-13 17:10:31,919 - job_detector.py[line:68] - INFO: finish detect running job"
"2021-03-13 17:10:36,925 - job_detector.py[line:27] - INFO: start to detect running job.."
"2021-03-13 17:10:36,926 - job_detector.py[line:68] - INFO: finish detect running job"
"2021-03-13 17:10:41,932 - job_detector.py[line:27] - INFO: start to detect running job.."
"2021-03-13 17:10:41,933 - job_detector.py[line:68] - INFO: finish detect running job"
"2021-03-13 17:10:47,002 - job_detector.py[line:27] - INFO: start to detect running job.."
"2021-03-13 17:10:47,004 - job_detector.py[line:68] - INFO: finish detect running job"
"2021-03-13 17:10:52,012 - job_detector.py[line:27] - INFO: start to detect running job.."
"2021-03-13 17:10:52,012 - job_detector.py[line:68] - INFO: finish detect running job"
"2021-03-13 17:10:57,023 - job_detector.py[line:27] - INFO: start to detect running job.."
"2021-03-13 17:10:57,023 - job_detector.py[line:68] - INFO: finish detect running job"
"2021-03-13 17:11:02,043 - job_detector.py[line:27] - INFO: start to detect running job.."
"2021-03-13 17:11:02,043 - job_detector.py[line:68] - INFO: finish detect running job"
"2021-03-13 17:11:07,049 - job_detector.py[line:27] - INFO: start to detect running job.."
"2021-03-13 17:11:07,049 - job_detector.py[line:68] - INFO: finish detect running job"
"2021-03-13 17:11:12,058 - job_detector.py[line:27] - INFO: start to detect running job.."
"2021-03-13 17:11:12,058 - job_detector.py[line:68] - INFO: finish detect running job"
"2021-03-13 17:11:17,076 - job_detector.py[line:27] - INFO: start to detect running job.."
"2021-03-13 17:11:17,076 - job_detector.py[line:68] - INFO: finish detect running job"
"2021-03-13 17:11:22,085 - job_detector.py[line:27] - INFO: start to detect running job.."
"2021-03-13 17:11:22,086 - job_detector.py[line:68] - INFO: finish detect running job"
"2021-03-13 17:11:27,099 - job_detector.py[line:27] - INFO: start to detect running job.."
"2021-03-13 17:11:27,100 - job_detector.py[line:68] - INFO: finish detect running job"
"2021-03-13 17:11:32,115 - job_detector.py[line:27] - INFO: start to detect running job.."
"2021-03-13 17:11:32,115 - job_detector.py[line:68] - INFO: finish detect running job"
"2021-03-13 17:11:37,125 - job_detector.py[line:27] - INFO: start to detect running job.."
"2021-03-13 17:11:37,125 - job_detector.py[line:68] - INFO: finish detect running job"
"2021-03-13 17:11:42,132 - job_detector.py[line:27] - INFO: start to detect running job.."
"2021-03-13 17:11:42,133 - job_detector.py[line:68] - INFO: finish detect running job"
"2021-03-13 17:11:47,190 - job_detector.py[line:27] - INFO: start to detect running job.."
"2021-03-13 17:11:47,191 - job_detector.py[line:68] - INFO: finish detect running job"
"2021-03-13 17:11:52,199 - job_detector.py[line:27] - INFO: start to detect running job.."
"2021-03-13 17:11:52,199 - job_detector.py[line:68] - INFO: finish detect running job"
"2021-03-13 17:11:57,209 - job_detector.py[line:27] - INFO: start to detect running job.."
"2021-03-13 17:11:57,210 - job_detector.py[line:68] - INFO: finish detect running job"
"2021-03-13 17:12:02,226 - job_detector.py[line:27] - INFO: start to detect running job.."
"2021-03-13 17:12:02,228 - job_detector.py[line:68] - INFO: finish detect running job"
"2021-03-13 17:12:07,237 - job_detector.py[line:27] - INFO: start to detect running job.."
"2021-03-13 17:12:07,237 - job_detector.py[line:68] - INFO: finish detect running job"
"2021-03-13 17:12:12,245 - job_detector.py[line:27] - INFO: start to detect running job.."
"2021-03-13 17:12:12,246 - job_detector.py[line:68] - INFO: finish detect running job"
"2021-03-13 17:12:17,264 - job_detector.py[line:27] - INFO: start to detect running job.."
"2021-03-13 17:12:17,264 - job_detector.py[line:68] - INFO: finish detect running job"
"2021-03-13 17:12:22,269 - job_detector.py[line:27] - INFO: start to detect running job.."
"2021-03-13 17:12:22,269 - job_detector.py[line:68] - INFO: finish detect running job"
"2021-03-13 17:12:27,275 - job_detector.py[line:27] - INFO: start to detect running job.."
"2021-03-13 17:12:27,275 - job_detector.py[line:68] - INFO: finish detect running job"
"2021-03-13 17:12:32,318 - job_detector.py[line:27] - INFO: start to detect running job.."
"2021-03-13 17:12:32,319 - job_detector.py[line:68] - INFO: finish detect running job"
"2021-03-13 17:12:37,328 - job_detector.py[line:27] - INFO: start to detect running job.."
"2021-03-13 17:12:37,328 - job_detector.py[line:68] - INFO: finish detect running job"
"2021-03-13 17:12:42,339 - job_detector.py[line:27] - INFO: start to detect running job.."
"2021-03-13 17:12:42,340 - job_detector.py[line:68] - INFO: finish detect running job"
"2021-03-13 17:12:47,397 - job_detector.py[line:27] - INFO: start to detect running job.."
"2021-03-13 17:12:47,397 - job_detector.py[line:68] - INFO: finish detect running job"
"2021-03-13 17:12:52,403 - job_detector.py[line:27] - INFO: start to detect running job.."
"2021-03-13 17:12:52,403 - job_detector.py[line:68] - INFO: finish detect running job"
"2021-03-13 17:12:57,411 - job_detector.py[line:27] - INFO: start to detect running job.."
"2021-03-13 17:12:57,411 - job_detector.py[line:68] - INFO: finish detect running job"
"2021-03-13 17:13:02,490 - job_detector.py[line:27] - INFO: start to detect running job.."
"2021-03-13 17:13:02,492 - job_detector.py[line:68] - INFO: finish detect running job"
"2021-03-13 17:13:07,499 - job_detector.py[line:27] - INFO: start to detect running job.."
"2021-03-13 17:13:07,499 - job_detector.py[line:68] - INFO: finish detect running job"
"2021-03-13 17:13:12,510 - job_detector.py[line:27] - INFO: start to detect running job.."
"2021-03-13 17:13:12,510 - job_detector.py[line:68] - INFO: finish detect running job"
"2021-03-13 17:13:17,525 - job_detector.py[line:27] - INFO: start to detect running job.."
"2021-03-13 17:13:17,525 - job_detector.py[line:68] - INFO: finish detect running job"
"2021-03-13 17:13:22,536 - job_detector.py[line:27] - INFO: start to detect running job.."
"2021-03-13 17:13:22,536 - job_detector.py[line:68] - INFO: finish detect running job"
"2021-03-13 17:13:27,546 - job_detector.py[line:27] - INFO: start to detect running job.."
"2021-03-13 17:13:27,548 - job_detector.py[line:68] - INFO: finish detect running job"
"2021-03-13 17:13:32,661 - job_detector.py[line:27] - INFO: start to detect running job.."
"2021-03-13 17:13:32,661 - job_detector.py[line:68] - INFO: finish detect running job"
"2021-03-13 17:13:37,671 - job_detector.py[line:27] - INFO: start to detect running job.."
"2021-03-13 17:13:37,673 - job_detector.py[line:68] - INFO: finish detect running job"
"2021-03-13 17:13:42,680 - job_detector.py[line:27] - INFO: start to detect running job.."
"2021-03-13 17:13:42,681 - job_detector.py[line:68] - INFO: finish detect running job"
"2021-03-13 17:13:47,693 - job_detector.py[line:27] - INFO: start to detect running job.."
"2021-03-13 17:13:47,694 - job_detector.py[line:68] - INFO: finish detect running job"
"2021-03-13 17:13:52,702 - job_detector.py[line:27] - INFO: start to detect running job.."
"2021-03-13 17:13:52,703 - job_detector.py[line:68] - INFO: finish detect running job"
"2021-03-13 17:13:57,713 - job_detector.py[line:27] - INFO: start to detect running job.."
"2021-03-13 17:13:57,714 - job_detector.py[line:68] - INFO: finish detect running job"
"2021-03-13 17:14:02,732 - job_detector.py[line:27] - INFO: start to detect running job.."
"2021-03-13 17:14:02,732 - job_detector.py[line:68] - INFO: finish detect running job"
"2021-03-13 17:14:07,742 - job_detector.py[line:27] - INFO: start to detect running job.."
"2021-03-13 17:14:07,743 - job_detector.py[line:68] - INFO: finish detect running job"
"2021-03-13 17:14:12,750 - job_detector.py[line:27] - INFO: start to detect running job.."
"2021-03-13 17:14:12,751 - job_detector.py[line:68] - INFO: finish detect running job"
"2021-03-13 17:14:17,773 - job_detector.py[line:27] - INFO: start to detect running job.."
"2021-03-13 17:14:17,773 - job_detector.py[line:68] - INFO: finish detect running job"
"2021-03-13 17:14:22,781 - job_detector.py[line:27] - INFO: start to detect running job.."
"2021-03-13 17:14:22,783 - job_detector.py[line:68] - INFO: finish detect running job"
"2021-03-13 17:14:27,794 - job_detector.py[line:27] - INFO: start to detect running job.."
"2021-03-13 17:14:27,794 - job_detector.py[line:68] - INFO: finish detect running job"
"2021-03-13 17:14:32,819 - job_detector.py[line:27] - INFO: start to detect running job.."
"2021-03-13 17:14:32,820 - job_detector.py[line:68] - INFO: finish detect running job"
"2021-03-13 17:14:37,831 - job_detector.py[line:27] - INFO: start to detect running job.."
"2021-03-13 17:14:37,831 - job_detector.py[line:68] - INFO: finish detect running job"
"2021-03-13 17:14:42,839 - job_detector.py[line:27] - INFO: start to detect running job.."
"2021-03-13 17:14:42,840 - job_detector.py[line:68] - INFO: finish detect running job"
"2021-03-13 17:14:47,870 - job_detector.py[line:27] - INFO: start to detect running job.."
"2021-03-13 17:14:47,870 - job_detector.py[line:68] - INFO: finish detect running job"
"2021-03-13 17:14:52,884 - job_detector.py[line:27] - INFO: start to detect running job.."
"2021-03-13 17:14:52,885 - job_detector.py[line:68] - INFO: finish detect running job"
"2021-03-13 17:14:57,899 - job_detector.py[line:27] - INFO: start to detect running job.."
"2021-03-13 17:14:57,900 - job_detector.py[line:68] - INFO: finish detect running job"
"2021-03-13 17:15:02,935 - job_detector.py[line:27] - INFO: start to detect running job.."
"2021-03-13 17:15:02,935 - job_detector.py[line:68] - INFO: finish detect running job"
"2021-03-13 17:15:07,950 - job_detector.py[line:27] - INFO: start to detect running job.."
"2021-03-13 17:15:07,950 - job_detector.py[line:68] - INFO: finish detect running job"
"2021-03-13 17:15:12,964 - job_detector.py[line:27] - INFO: start to detect running job.."
"2021-03-13 17:15:12,964 - job_detector.py[line:68] - INFO: finish detect running job"
"2021-03-13 17:15:17,988 - job_detector.py[line:27] - INFO: start to detect running job.."
"2021-03-13 17:15:17,988 - job_detector.py[line:68] - INFO: finish detect running job"
"2021-03-13 17:15:22,998 - job_detector.py[line:27] - INFO: start to detect running job.."
"2021-03-13 17:15:22,998 - job_detector.py[line:68] - INFO: finish detect running job"
"2021-03-13 17:15:28,008 - job_detector.py[line:27] - INFO: start to detect running job.."
"2021-03-13 17:15:28,008 - job_detector.py[line:68] - INFO: finish detect running job"
"2021-03-13 17:15:33,029 - job_detector.py[line:27] - INFO: start to detect running job.."
"2021-03-13 17:15:33,030 - job_detector.py[line:68] - INFO: finish detect running job"
"2021-03-13 17:15:38,037 - job_detector.py[line:27] - INFO: start to detect running job.."
"2021-03-13 17:15:38,037 - job_detector.py[line:68] - INFO: finish detect running job"
"2021-03-13 17:15:43,051 - job_detector.py[line:27] - INFO: start to detect running job.."
"2021-03-13 17:15:43,051 - job_detector.py[line:68] - INFO: finish detect running job"
"2021-03-13 17:15:48,080 - job_detector.py[line:27] - INFO: start to detect running job.."
"2021-03-13 17:15:48,081 - job_detector.py[line:68] - INFO: finish detect running job"
"2021-03-13 17:15:53,092 - job_detector.py[line:27] - INFO: start to detect running job.."
"2021-03-13 17:15:53,093 - job_detector.py[line:68] - INFO: finish detect running job"
"2021-03-13 17:15:58,107 - job_detector.py[line:27] - INFO: start to detect running job.."
"2021-03-13 17:15:58,107 - job_detector.py[line:68] - INFO: finish detect running job"
"2021-03-13 17:16:03,145 - job_detector.py[line:27] - INFO: start to detect running job.."
"2021-03-13 17:16:03,146 - job_detector.py[line:68] - INFO: finish detect running job"
"2021-03-13 17:16:08,163 - job_detector.py[line:27] - INFO: start to detect running job.."
"2021-03-13 17:16:08,164 - job_detector.py[line:68] - INFO: finish detect running job"
"2021-03-13 17:16:13,175 - job_detector.py[line:27] - INFO: start to detect running job.."
"2021-03-13 17:16:13,176 - job_detector.py[line:68] - INFO: finish detect running job"
"2021-03-13 17:16:18,199 - job_detector.py[line:27] - INFO: start to detect running job.."
"2021-03-13 17:16:18,200 - job_detector.py[line:68] - INFO: finish detect running job"
"2021-03-13 17:16:23,222 - job_detector.py[line:27] - INFO: start to detect running job.."
"2021-03-13 17:16:23,224 - job_detector.py[line:68] - INFO: finish detect running job"
"2021-03-13 17:16:28,234 - job_detector.py[line:27] - INFO: start to detect running job.."
"2021-03-13 17:16:28,234 - job_detector.py[line:68] - INFO: finish detect running job"
"2021-03-13 17:16:33,253 - job_detector.py[line:27] - INFO: start to detect running job.."
"2021-03-13 17:16:33,253 - job_detector.py[line:68] - INFO: finish detect running job"
"2021-03-13 17:16:38,280 - job_detector.py[line:27] - INFO: start to detect running job.."
"2021-03-13 17:16:38,281 - job_detector.py[line:68] - INFO: finish detect running job"
"2021-03-13 17:16:43,290 - job_detector.py[line:27] - INFO: start to detect running job.."
"2021-03-13 17:16:43,291 - job_detector.py[line:68] - INFO: finish detect running job"
"2021-03-13 17:16:48,314 - job_detector.py[line:27] - INFO: start to detect running job.."
"2021-03-13 17:16:48,314 - job_detector.py[line:68] - INFO: finish detect running job"
"2021-03-13 17:16:53,325 - job_detector.py[line:27] - INFO: start to detect running job.."
"2021-03-13 17:16:53,325 - job_detector.py[line:68] - INFO: finish detect running job"
"2021-03-13 17:16:58,338 - job_detector.py[line:27] - INFO: start to detect running job.."
"2021-03-13 17:16:58,342 - job_detector.py[line:68] - INFO: finish detect running job"
"2021-03-13 17:17:03,375 - job_detector.py[line:27] - INFO: start to detect running job.."
"2021-03-13 17:17:03,376 - job_detector.py[line:68] - INFO: finish detect running job"
"2021-03-13 17:17:08,388 - job_detector.py[line:27] - INFO: start to detect running job.."
"2021-03-13 17:17:08,389 - job_detector.py[line:68] - INFO: finish detect running job"
"2021-03-13 17:17:13,414 - job_detector.py[line:27] - INFO: start to detect running job.."
"2021-03-13 17:17:13,415 - job_detector.py[line:68] - INFO: finish detect running job"
"2021-03-13 17:17:18,440 - job_detector.py[line:27] - INFO: start to detect running job.."
"2021-03-13 17:17:18,441 - job_detector.py[line:68] - INFO: finish detect running job"
"2021-03-13 17:17:23,451 - job_detector.py[line:27] - INFO: start to detect running job.."
"2021-03-13 17:17:23,451 - job_detector.py[line:68] - INFO: finish detect running job"
"2021-03-13 17:17:28,470 - job_detector.py[line:27] - INFO: start to detect running job.."
"2021-03-13 17:17:28,471 - job_detector.py[line:68] - INFO: finish detect running job"
"2021-03-13 17:17:33,484 - job_detector.py[line:27] - INFO: start to detect running job.."
"2021-03-13 17:17:33,484 - job_detector.py[line:68] - INFO: finish detect running job"
"2021-03-13 17:17:38,496 - job_detector.py[line:27] - INFO: start to detect running job.."
"2021-03-13 17:17:38,497 - job_detector.py[line:68] - INFO: finish detect running job"
"2021-03-13 17:17:43,508 - job_detector.py[line:27] - INFO: start to detect running job.."
"2021-03-13 17:17:43,509 - job_detector.py[line:68] - INFO: finish detect running job"
"2021-03-13 17:17:48,525 - job_detector.py[line:27] - INFO: start to detect running job.."
"2021-03-13 17:17:48,525 - job_detector.py[line:68] - INFO: finish detect running job"
"2021-03-13 17:17:53,557 - job_detector.py[line:27] - INFO: start to detect running job.."
"2021-03-13 17:17:53,557 - job_detector.py[line:68] - INFO: finish detect running job"
"2021-03-13 17:17:58,573 - job_detector.py[line:27] - INFO: start to detect running job.."
"2021-03-13 17:17:58,575 - job_detector.py[line:68] - INFO: finish detect running job"
"2021-03-13 17:18:03,596 - job_detector.py[line:27] - INFO: start to detect running job.."
"2021-03-13 17:18:03,596 - job_detector.py[line:68] - INFO: finish detect running job"
"2021-03-13 17:18:07,715 - api_utils.py[line:78] - INFO: local api request: http://127.0.0.1:9380/v1/schedule/202103131718076872491/local/0/create"
"2021-03-13 17:18:07,753 - tracking.py[line:303] - INFO: save local 0 job: {'f_name': '', 'f_description': '', 'f_tag': '', 'f_initiator_party_id': 0, 'f_is_initiator': 1, 'f_progress': 0, 'f_job_id': '202103131718076872491', 'f_roles': '{"local": [0]}', 'f_work_mode': 0, 'f_dsl': '{"components": {"upload_0": {"module": "Upload"}}}', 'f_runtime_conf': '{"initiator": {"role": "local", "party_id": 0}, "job_parameters": {"work_mode": 0, "model_id": "local-0#model", "model_version": "202103131718076872491"}, "role": {"local": [0]}, "role_parameters": {"local": {"upload_0": {"work_mode": [0], "head": [1], "partition": [10], "file": ["examples/data/default_credit_homo_guest.csv"], "namespace": ["default_credit_homo_guest_guest"], "table_name": ["default_credit_homo_guest"], "in_version": [null]}}}}', 'f_train_runtime_conf': '{}', 'f_run_ip': '127.0.0.1:9380', 'f_status': 'waiting', 'f_create_time': 1615627087699, 'f_role': 'local', 'f_party_id': 0}"
"2021-03-13 17:18:07,765 - api_utils.py[line:81] - INFO: {"retcode":0,"retmsg":"success"}
"
"2021-03-13 17:18:07,765 - api_utils.py[line:83] - INFO: local api response: /v1/schedule/202103131718076872491/local/0/create {'retcode': 0, 'retmsg': 'success'}"
"2021-03-13 17:18:07,766 - queue_manager.py[line:157] - INFO: put event into in-process queue successfully: {'job_id': '202103131718076872491', 'initiator_role': 'local', 'initiator_party_id': 0}"
"2021-03-13 17:18:07,766 - queue_manager.py[line:166] - INFO: get event from in-process queue successfully: {'job_id': '202103131718076872491', 'initiator_role': 'local', 'initiator_party_id': 0}"
"2021-03-13 17:18:07,773 - api_utils.py[line:78] - INFO: local api request: http://127.0.0.1:9380/v1/schedule/202103131718076872491/local/0/status"
"2021-03-13 17:18:07,777 - tracking.py[line:303] - INFO: save local 0 job: {'f_name': '', 'f_description': '', 'f_tag': '', 'f_initiator_party_id': -1, 'f_is_initiator': -1, 'f_progress': 0, 'f_job_id': '202103131718076872491', 'f_start_time': 1615627087773, 'f_status': 'running', 'f_update_time': 1615627087773, 'f_role': 'local', 'f_party_id': 0, 'f_run_ip': '127.0.0.1:9380'}"
"2021-03-13 17:18:07,784 - api_utils.py[line:81] - INFO: {"retcode":0,"retmsg":"success"}
"
"2021-03-13 17:18:07,784 - api_utils.py[line:83] - INFO: local api response: /v1/schedule/202103131718076872491/local/0/status {'retcode': 0, 'retmsg': 'success'}"
"2021-03-13 17:18:07,788 - api_utils.py[line:78] - INFO: local api request: http://127.0.0.1:9380/v1/schedule/202103131718076872491/upload_0/202103131718076872491_upload_0/local/0/run"
"2021-03-13 17:18:07,794 - job_utils.py[line:300] - INFO: Starting process command: ['python3', '/Users/clz/PycharmProjects/standalone-fate-master-1.2.0/fate_flow/driver/task_executor.py', '-j', '202103131718076872491', '-n', 'upload_0', '-t', '202103131718076872491_upload_0', '-r', 'local', '-p', '0', '-c', '/Users/clz/PycharmProjects/standalone-fate-master-1.2.0/jobs/202103131718076872491/local/0/upload_0/task_config.json', '--job_server', '127.0.0.1:9380']"
"2021-03-13 17:18:07,794 - job_utils.py[line:301] - INFO: python3 /Users/clz/PycharmProjects/standalone-fate-master-1.2.0/fate_flow/driver/task_executor.py -j 202103131718076872491 -n upload_0 -t 202103131718076872491_upload_0 -r local -p 0 -c /Users/clz/PycharmProjects/standalone-fate-master-1.2.0/jobs/202103131718076872491/local/0/upload_0/task_config.json --job_server 127.0.0.1:9380"
"2021-03-13 17:18:07,807 - api_utils.py[line:81] - INFO: {"retcode":0,"retmsg":"success"}
"
"2021-03-13 17:18:07,807 - api_utils.py[line:83] - INFO: local api response: /v1/schedule/202103131718076872491/upload_0/202103131718076872491_upload_0/local/0/run {'retcode': 0, 'retmsg': 'success'}"
"2021-03-13 17:18:08,615 - job_detector.py[line:27] - INFO: start to detect running job.."
"2021-03-13 17:18:08,615 - job_detector.py[line:68] - INFO: finish detect running job"
"2021-03-13 17:18:10,410 - db_models.py[line:56] - INFO: init sqlite database on standalone mode successfully"
"2021-03-13 17:18:13,627 - job_detector.py[line:27] - INFO: start to detect running job.."
"2021-03-13 17:18:13,627 - job_detector.py[line:68] - INFO: finish detect running job"
"2021-03-13 17:18:15,705 - tracking.py[line:89] - INFO: save job 202103131718076872491 component upload_0 on local 0 upload data_access metric data"
"2021-03-13 17:18:15,717 - tracking.py[line:141] - INFO: save job 202103131718076872491 component upload_0 on local 0 upload data_access metric meta"
"2021-03-13 17:18:16,073 - api_utils.py[line:78] - INFO: local api request: http://127.0.0.1:9380/v1/schedule/202103131718076872491/local/0/status"
"2021-03-13 17:18:16,079 - tracking.py[line:303] - INFO: save local 0 job: {'f_name': '', 'f_description': '', 'f_tag': '', 'f_initiator_party_id': -1, 'f_is_initiator': -1, 'f_progress': 100.0, 'f_update_time': 1615627096073, 'f_current_tasks': '["202103131718076872491_upload_0"]', 'f_role': 'local', 'f_party_id': 0, 'f_run_ip': '127.0.0.1:9380'}"
"2021-03-13 17:18:16,094 - api_utils.py[line:81] - INFO: {"retcode":0,"retmsg":"success"}
"
"2021-03-13 17:18:16,094 - api_utils.py[line:83] - INFO: local api response: /v1/schedule/202103131718076872491/local/0/status {'retcode': 0, 'retmsg': 'success'}"
"2021-03-13 17:18:16,098 - api_utils.py[line:78] - INFO: local api request: http://127.0.0.1:9380/v1/schedule/202103131718076872491/local/0/kill"
"2021-03-13 17:18:16,107 - api_utils.py[line:81] - INFO: {"retcode":0,"retmsg":"success"}
"
"2021-03-13 17:18:16,108 - api_utils.py[line:83] - INFO: local api response: /v1/schedule/202103131718076872491/local/0/kill {'retcode': 0, 'retmsg': 'success'}"
"2021-03-13 17:18:16,109 - api_utils.py[line:78] - INFO: local api request: http://127.0.0.1:9380/v1/schedule/202103131718076872491/local/0/status"
"2021-03-13 17:18:16,114 - tracking.py[line:303] - INFO: save local 0 job: {'f_name': '', 'f_description': '', 'f_tag': '', 'f_initiator_party_id': -1, 'f_is_initiator': -1, 'f_progress': 100, 'f_job_id': '202103131718076872491', 'f_start_time': 1615627087773, 'f_status': 'success', 'f_update_time': 1615627096109, 'f_role': 'local', 'f_party_id': 0, 'f_end_time': 1615627096109, 'f_elapsed': 8336, 'f_run_ip': '127.0.0.1:9380'}"
"2021-03-13 17:18:16,124 - api_utils.py[line:81] - INFO: {"retcode":0,"retmsg":"success"}
"
"2021-03-13 17:18:16,125 - api_utils.py[line:83] - INFO: local api response: /v1/schedule/202103131718076872491/local/0/status {'retcode': 0, 'retmsg': 'success'}"
"2021-03-13 17:18:16,125 - api_utils.py[line:78] - INFO: local api request: http://127.0.0.1:9380/v1/schedule/202103131718076872491/local/0/bG9jYWwtMCNtb2RlbA==/MjAyMTAzMTMxNzE4MDc2ODcyNDkx/save/pipeline"
"2021-03-13 17:18:16,162 - profile_util.py[line:33] - DEBUG: model_manager.py:32 call table, takes 0.026102066040039062s"
"2021-03-13 17:18:16,179 - profile_util.py[line:33] - DEBUG: version_control.py:126 call table, takes 0.004261970520019531s"
"2021-03-13 17:18:16,184 - profile_util.py[line:33] - DEBUG: version_control.py:85 call table, takes 0.002283811569213867s"
"2021-03-13 17:18:16,198 - profile_util.py[line:33] - DEBUG: version_control.py:126 call table, takes 0.0031909942626953125s"
"2021-03-13 17:18:16,226 - api_utils.py[line:81] - INFO: {"retcode":0,"retmsg":"success"}
"
"2021-03-13 17:18:16,226 - api_utils.py[line:83] - INFO: local api response: /v1/schedule/202103131718076872491/local/0/bG9jYWwtMCNtb2RlbA==/MjAyMTAzMTMxNzE4MDc2ODcyNDkx/save/pipeline {'retcode': 0, 'retmsg': 'success'}"
"2021-03-13 17:18:16,226 - api_utils.py[line:78] - INFO: local api request: http://127.0.0.1:9380/v1/schedule/202103131718076872491/local/0/local/0/clean"
"2021-03-13 17:18:16,239 - tracking.py[line:413] - INFO: clean table by namespace 202103131718076872491_upload_0"
"2021-03-13 17:18:16,254 - api_utils.py[line:81] - INFO: {"retcode":0,"retmsg":"success"}
"
"2021-03-13 17:18:16,254 - api_utils.py[line:83] - INFO: local api response: /v1/schedule/202103131718076872491/local/0/local/0/clean {'retcode': 0, 'retmsg': 'success'}"
"2021-03-13 17:18:16,381 - job_utils.py[line:336] - INFO: child process 82264 exit with exitcode 0"
"2021-03-13 17:18:16,382 - job_utils.py[line:339] - WARNING: current process has no existing unwaited-for child processes."
"2021-03-13 17:18:18,640 - job_detector.py[line:27] - INFO: start to detect running job.."
"2021-03-13 17:18:18,641 - job_detector.py[line:68] - INFO: finish detect running job"
"2021-03-13 17:18:23,652 - job_detector.py[line:27] - INFO: start to detect running job.."
"2021-03-13 17:18:23,652 - job_detector.py[line:68] - INFO: finish detect running job"
"2021-03-13 17:18:28,662 - job_detector.py[line:27] - INFO: start to detect running job.."
"2021-03-13 17:18:28,662 - job_detector.py[line:68] - INFO: finish detect running job"
"2021-03-13 17:18:33,680 - job_detector.py[line:27] - INFO: start to detect running job.."
"2021-03-13 17:18:33,696 - job_detector.py[line:68] - INFO: finish detect running job"
"2021-03-13 17:18:38,708 - job_detector.py[line:27] - INFO: start to detect running job.."
"2021-03-13 17:18:38,709 - job_detector.py[line:68] - INFO: finish detect running job"
"2021-03-13 17:18:43,731 - job_detector.py[line:27] - INFO: start to detect running job.."
"2021-03-13 17:18:43,734 - job_detector.py[line:68] - INFO: finish detect running job"
"2021-03-13 17:18:48,749 - job_detector.py[line:27] - INFO: start to detect running job.."
"2021-03-13 17:18:48,750 - job_detector.py[line:68] - INFO: finish detect running job"
"2021-03-13 17:18:53,774 - job_detector.py[line:27] - INFO: start to detect running job.."
"2021-03-13 17:18:53,776 - job_detector.py[line:68] - INFO: finish detect running job"
"2021-03-13 17:18:58,803 - job_detector.py[line:27] - INFO: start to detect running job.."
"2021-03-13 17:18:58,804 - job_detector.py[line:68] - INFO: finish detect running job"
"2021-03-13 17:19:03,834 - job_detector.py[line:27] - INFO: start to detect running job.."
"2021-03-13 17:19:03,837 - job_detector.py[line:68] - INFO: finish detect running job"
"2021-03-13 17:19:08,844 - job_detector.py[line:27] - INFO: start to detect running job.."
"2021-03-13 17:19:08,845 - job_detector.py[line:68] - INFO: finish detect running job"
"2021-03-13 17:19:13,864 - job_detector.py[line:27] - INFO: start to detect running job.."
"2021-03-13 17:19:13,865 - job_detector.py[line:68] - INFO: finish detect running job"
"2021-03-13 17:19:18,881 - job_detector.py[line:27] - INFO: start to detect running job.."
"2021-03-13 17:19:18,882 - job_detector.py[line:68] - INFO: finish detect running job"
"2021-03-13 17:19:23,891 - job_detector.py[line:27] - INFO: start to detect running job.."
"2021-03-13 17:19:23,891 - job_detector.py[line:68] - INFO: finish detect running job"
"2021-03-13 17:19:28,902 - job_detector.py[line:27] - INFO: start to detect running job.."
"2021-03-13 17:19:28,902 - job_detector.py[line:68] - INFO: finish detect running job"
"2021-03-13 17:19:33,917 - job_detector.py[line:27] - INFO: start to detect running job.."
"2021-03-13 17:19:33,917 - job_detector.py[line:68] - INFO: finish detect running job"
"2021-03-13 17:19:38,924 - job_detector.py[line:27] - INFO: start to detect running job.."
"2021-03-13 17:19:38,924 - job_detector.py[line:68] - INFO: finish detect running job"
"2021-03-13 17:19:43,932 - job_detector.py[line:27] - INFO: start to detect running job.."
"2021-03-13 17:19:43,932 - job_detector.py[line:68] - INFO: finish detect running job"
"2021-03-13 17:19:48,950 - job_detector.py[line:27] - INFO: start to detect running job.."
"2021-03-13 17:19:48,950 - job_detector.py[line:68] - INFO: finish detect running job"
"2021-03-13 17:19:53,960 - job_detector.py[line:27] - INFO: start to detect running job.."
"2021-03-13 17:19:53,960 - job_detector.py[line:68] - INFO: finish detect running job"
"2021-03-13 17:19:58,966 - job_detector.py[line:27] - INFO: start to detect running job.."
"2021-03-13 17:19:58,966 - job_detector.py[line:68] - INFO: finish detect running job"
"2021-03-13 17:20:03,986 - job_detector.py[line:27] - INFO: start to detect running job.."
"2021-03-13 17:20:03,986 - job_detector.py[line:68] - INFO: finish detect running job"
"2021-03-13 17:20:08,995 - job_detector.py[line:27] - INFO: start to detect running job.."
"2021-03-13 17:20:08,995 - job_detector.py[line:68] - INFO: finish detect running job"
"2021-03-13 17:20:14,004 - job_detector.py[line:27] - INFO: start to detect running job.."
"2021-03-13 17:20:14,005 - job_detector.py[line:68] - INFO: finish detect running job"
"2021-03-13 17:20:19,020 - job_detector.py[line:27] - INFO: start to detect running job.."
"2021-03-13 17:20:19,021 - job_detector.py[line:68] - INFO: finish detect running job"
"2021-03-13 17:20:24,055 - job_detector.py[line:27] - INFO: start to detect running job.."
"2021-03-13 17:20:24,056 - job_detector.py[line:68] - INFO: finish detect running job"
"2021-03-13 17:20:29,065 - job_detector.py[line:27] - INFO: start to detect running job.."
"2021-03-13 17:20:29,065 - job_detector.py[line:68] - INFO: finish detect running job"
"2021-03-13 17:20:34,089 - job_detector.py[line:27] - INFO: start to detect running job.."
"2021-03-13 17:20:34,091 - job_detector.py[line:68] - INFO: finish detect running job"
"2021-03-13 17:20:39,101 - job_detector.py[line:27] - INFO: start to detect running job.."
"2021-03-13 17:20:39,101 - job_detector.py[line:68] - INFO: finish detect running job"
"2021-03-13 17:20:44,106 - job_detector.py[line:27] - INFO: start to detect running job.."
"2021-03-13 17:20:44,107 - job_detector.py[line:68] - INFO: finish detect running job"
"2021-03-13 17:20:49,135 - job_detector.py[line:27] - INFO: start to detect running job.."
"2021-03-13 17:20:49,137 - job_detector.py[line:68] - INFO: finish detect running job"
"2021-03-13 17:20:54,145 - job_detector.py[line:27] - INFO: start to detect running job.."
"2021-03-13 17:20:54,145 - job_detector.py[line:68] - INFO: finish detect running job"
"2021-03-13 17:20:59,156 - job_detector.py[line:27] - INFO: start to detect running job.."
"2021-03-13 17:20:59,156 - job_detector.py[line:68] - INFO: finish detect running job"
"2021-03-13 17:21:04,175 - job_detector.py[line:27] - INFO: start to detect running job.."
"2021-03-13 17:21:04,175 - job_detector.py[line:68] - INFO: finish detect running job"
"2021-03-13 17:21:09,184 - job_detector.py[line:27] - INFO: start to detect running job.."
"2021-03-13 17:21:09,184 - job_detector.py[line:68] - INFO: finish detect running job"
"2021-03-13 17:21:14,195 - job_detector.py[line:27] - INFO: start to detect running job.."
"2021-03-13 17:21:14,195 - job_detector.py[line:68] - INFO: finish detect running job"
"2021-03-13 17:21:19,237 - job_detector.py[line:27] - INFO: start to detect running job.."
"2021-03-13 17:21:19,237 - job_detector.py[line:68] - INFO: finish detect running job"
"2021-03-13 17:21:24,247 - job_detector.py[line:27] - INFO: start to detect running job.."
"2021-03-13 17:21:24,247 - job_detector.py[line:68] - INFO: finish detect running job"
"2021-03-13 17:21:29,258 - job_detector.py[line:27] - INFO: start to detect running job.."
"2021-03-13 17:21:29,259 - job_detector.py[line:68] - INFO: finish detect running job"
"2021-03-13 17:21:34,272 - job_detector.py[line:27] - INFO: start to detect running job.."
"2021-03-13 17:21:34,272 - job_detector.py[line:68] - INFO: finish detect running job"
"2021-03-13 17:21:39,283 - job_detector.py[line:27] - INFO: start to detect running job.."
"2021-03-13 17:21:39,283 - job_detector.py[line:68] - INFO: finish detect running job"
"2021-03-13 17:21:44,290 - job_detector.py[line:27] - INFO: start to detect running job.."
"2021-03-13 17:21:44,291 - job_detector.py[line:68] - INFO: finish detect running job"
"2021-03-13 17:21:49,316 - job_detector.py[line:27] - INFO: start to detect running job.."
"2021-03-13 17:21:49,317 - job_detector.py[line:68] - INFO: finish detect running job"
"2021-03-13 17:21:54,335 - job_detector.py[line:27] - INFO: start to detect running job.."
"2021-03-13 17:21:54,339 - job_detector.py[line:68] - INFO: finish detect running job"
"2021-03-13 17:21:59,350 - job_detector.py[line:27] - INFO: start to detect running job.."
"2021-03-13 17:21:59,350 - job_detector.py[line:68] - INFO: finish detect running job"
"2021-03-13 17:22:04,368 - job_detector.py[line:27] - INFO: start to detect running job.."
"2021-03-13 17:22:04,369 - job_detector.py[line:68] - INFO: finish detect running job"
"2021-03-13 17:22:09,380 - job_detector.py[line:27] - INFO: start to detect running job.."
"2021-03-13 17:22:09,380 - job_detector.py[line:68] - INFO: finish detect running job"
"2021-03-13 17:22:14,401 - job_detector.py[line:27] - INFO: start to detect running job.."
"2021-03-13 17:22:14,402 - job_detector.py[line:68] - INFO: finish detect running job"
"2021-03-13 17:22:19,420 - job_detector.py[line:27] - INFO: start to detect running job.."
"2021-03-13 17:22:19,420 - job_detector.py[line:68] - INFO: finish detect running job"
"2021-03-13 17:22:24,428 - job_detector.py[line:27] - INFO: start to detect running job.."
"2021-03-13 17:22:24,428 - job_detector.py[line:68] - INFO: finish detect running job"
"2021-03-13 17:22:29,446 - job_detector.py[line:27] - INFO: start to detect running job.."
"2021-03-13 17:22:29,446 - job_detector.py[line:68] - INFO: finish detect running job"
"2021-03-13 17:22:34,477 - job_detector.py[line:27] - INFO: start to detect running job.."
"2021-03-13 17:22:34,477 - job_detector.py[line:68] - INFO: finish detect running job"
"2021-03-13 17:22:39,484 - job_detector.py[line:27] - INFO: start to detect running job.."
"2021-03-13 17:22:39,486 - job_detector.py[line:68] - INFO: finish detect running job"
"2021-03-13 17:22:44,499 - job_detector.py[line:27] - INFO: start to detect running job.."
"2021-03-13 17:22:44,499 - job_detector.py[line:68] - INFO: finish detect running job"
"2021-03-13 17:22:49,522 - job_detector.py[line:27] - INFO: start to detect running job.."
"2021-03-13 17:22:49,523 - job_detector.py[line:68] - INFO: finish detect running job"
"2021-03-13 17:22:54,531 - job_detector.py[line:27] - INFO: start to detect running job.."
"2021-03-13 17:22:54,532 - job_detector.py[line:68] - INFO: finish detect running job"
"2021-03-13 17:22:59,544 - job_detector.py[line:27] - INFO: start to detect running job.."
"2021-03-13 17:22:59,544 - job_detector.py[line:68] - INFO: finish detect running job"
"2021-03-13 17:23:04,594 - job_detector.py[line:27] - INFO: start to detect running job.."
"2021-03-13 17:23:04,595 - job_detector.py[line:68] - INFO: finish detect running job"
"2021-03-13 17:23:09,611 - job_detector.py[line:27] - INFO: start to detect running job.."
"2021-03-13 17:23:09,613 - job_detector.py[line:68] - INFO: finish detect running job"
"2021-03-13 17:23:14,627 - job_detector.py[line:27] - INFO: start to detect running job.."
"2021-03-13 17:23:14,627 - job_detector.py[line:68] - INFO: finish detect running job"
"2021-03-13 17:23:19,736 - job_detector.py[line:27] - INFO: start to detect running job.."
"2021-03-13 17:23:19,738 - job_detector.py[line:68] - INFO: finish detect running job"
"2021-03-13 17:23:24,757 - job_detector.py[line:27] - INFO: start to detect running job.."
"2021-03-13 17:23:24,758 - job_detector.py[line:68] - INFO: finish detect running job"
"2021-03-13 17:23:29,771 - job_detector.py[line:27] - INFO: start to detect running job.."
"2021-03-13 17:23:29,772 - job_detector.py[line:68] - INFO: finish detect running job"
"2021-03-13 17:23:34,789 - job_detector.py[line:27] - INFO: start to detect running job.."
"2021-03-13 17:23:34,789 - job_detector.py[line:68] - INFO: finish detect running job"
"2021-03-13 17:23:39,809 - job_detector.py[line:27] - INFO: start to detect running job.."
"2021-03-13 17:23:39,809 - job_detector.py[line:68] - INFO: finish detect running job"
"2021-03-13 17:23:44,828 - job_detector.py[line:27] - INFO: start to detect running job.."
"2021-03-13 17:23:44,828 - job_detector.py[line:68] - INFO: finish detect running job"
"2021-03-13 17:23:49,840 - job_detector.py[line:27] - INFO: start to detect running job.."
"2021-03-13 17:23:49,841 - job_detector.py[line:68] - INFO: finish detect running job"
"2021-03-13 17:23:54,851 - job_detector.py[line:27] - INFO: start to detect running job.."
"2021-03-13 17:23:54,851 - job_detector.py[line:68] - INFO: finish detect running job"
"2021-03-13 17:23:59,861 - job_detector.py[line:27] - INFO: start to detect running job.."
"2021-03-13 17:23:59,862 - job_detector.py[line:68] - INFO: finish detect running job"
"2021-03-13 17:24:04,878 - job_detector.py[line:27] - INFO: start to detect running job.."
"2021-03-13 17:24:04,878 - job_detector.py[line:68] - INFO: finish detect running job"
"2021-03-13 17:24:09,886 - job_detector.py[line:27] - INFO: start to detect running job.."
"2021-03-13 17:24:09,887 - job_detector.py[line:68] - INFO: finish detect running job"
"2021-03-13 17:24:14,895 - job_detector.py[line:27] - INFO: start to detect running job.."
"2021-03-13 17:24:14,895 - job_detector.py[line:68] - INFO: finish detect running job"
"2021-03-13 17:24:19,913 - job_detector.py[line:27] - INFO: start to detect running job.."
"2021-03-13 17:24:19,913 - job_detector.py[line:68] - INFO: finish detect running job"
"2021-03-13 17:24:24,930 - job_detector.py[line:27] - INFO: start to detect running job.."
"2021-03-13 17:24:24,930 - job_detector.py[line:68] - INFO: finish detect running job"
"2021-03-13 17:24:29,939 - job_detector.py[line:27] - INFO: start to detect running job.."
"2021-03-13 17:24:29,939 - job_detector.py[line:68] - INFO: finish detect running job"
"2021-03-13 17:24:35,073 - job_detector.py[line:27] - INFO: start to detect running job.."
"2021-03-13 17:24:35,073 - job_detector.py[line:68] - INFO: finish detect running job"
"2021-03-13 17:24:40,092 - job_detector.py[line:27] - INFO: start to detect running job.."
"2021-03-13 17:24:40,093 - job_detector.py[line:68] - INFO: finish detect running job"
"2021-03-13 17:24:45,099 - job_detector.py[line:27] - INFO: start to detect running job.."
"2021-03-13 17:24:45,099 - job_detector.py[line:68] - INFO: finish detect running job"
"2021-03-13 17:24:50,112 - job_detector.py[line:27] - INFO: start to detect running job.."
"2021-03-13 17:24:50,112 - job_detector.py[line:68] - INFO: finish detect running job"
"2021-03-13 17:24:55,122 - job_detector.py[line:27] - INFO: start to detect running job.."
"2021-03-13 17:24:55,122 - job_detector.py[line:68] - INFO: finish detect running job"
"2021-03-13 17:25:00,152 - job_detector.py[line:27] - INFO: start to detect running job.."
"2021-03-13 17:25:00,152 - job_detector.py[line:68] - INFO: finish detect running job"
