"2021-03-13 17:18:07,688 - job_controller.py[line:44] - INFO: submit job, job_id 202103131718076872491, body {'job_dsl': {'components': {'upload_0': {'module': 'Upload'}}}, 'job_runtime_conf': {'initiator': {'role': 'local', 'party_id': 0}, 'job_parameters': {'work_mode': 0}, 'role': {'local': [0]}, 'role_parameters': {'local': {'upload_0': {'work_mode': [0], 'head': [1], 'partition': [10], 'file': ['examples/data/default_credit_homo_guest.csv'], 'namespace': ['default_credit_homo_guest_guest'], 'table_name': ['default_credit_homo_guest'], 'in_version': [None]}}}}}"
"2021-03-13 17:18:07,766 - job_controller.py[line:103] - INFO: submit job successfully, job id is 202103131718076872491, model id is local-0#model"
"2021-03-13 17:18:07,767 - dag_scheduler.py[line:45] - INFO: schedule job {'job_id': '202103131718076872491', 'initiator_role': 'local', 'initiator_party_id': 0}"
"2021-03-13 17:18:07,772 - job_utils.py[line:454] - INFO: setting job 202103131718076872491 timeout None is incorrect, using the default timeout 604800"
"2021-03-13 17:18:07,784 - task_scheduler.py[line:98] - INFO: job 202103131718076872491 root components is ['upload_0']"
"2021-03-13 17:18:07,784 - task_scheduler.py[line:138] - INFO: job 202103131718076872491 run component upload_0"
"2021-03-13 17:18:07,792 - task_scheduler.py[line:288] - INFO: job 202103131718076872491 upload_0 local 0 task subprocess is ready"
"2021-03-13 17:18:07,794 - task_scheduler.py[line:301] - WARNING: failed to get backend, set as 0"
"2021-03-13 17:18:07,794 - task_scheduler.py[line:355] - INFO: job 202103131718076872491 upload_0 local 0 task subprocess start"
"2021-03-13 17:18:07,803 - task_scheduler.py[line:364] - INFO: job 202103131718076872491 component upload_0 on local 0 start task subprocess success"
"2021-03-13 17:18:07,811 - task_scheduler.py[line:263] - INFO: job 202103131718076872491 component upload_0 run on local 0 status is notRunning"
"2021-03-13 17:18:08,074 - task_scheduler.py[line:263] - INFO: job 202103131718076872491 component upload_0 run on local 0 status is notRunning"
"2021-03-13 17:18:08,332 - task_scheduler.py[line:263] - INFO: job 202103131718076872491 component upload_0 run on local 0 status is notRunning"
"2021-03-13 17:18:08,598 - task_scheduler.py[line:263] - INFO: job 202103131718076872491 component upload_0 run on local 0 status is notRunning"
"2021-03-13 17:18:08,864 - task_scheduler.py[line:263] - INFO: job 202103131718076872491 component upload_0 run on local 0 status is notRunning"
"2021-03-13 17:18:09,119 - task_scheduler.py[line:263] - INFO: job 202103131718076872491 component upload_0 run on local 0 status is notRunning"
"2021-03-13 17:18:09,374 - task_scheduler.py[line:263] - INFO: job 202103131718076872491 component upload_0 run on local 0 status is notRunning"
"2021-03-13 17:18:09,634 - task_scheduler.py[line:263] - INFO: job 202103131718076872491 component upload_0 run on local 0 status is notRunning"
"2021-03-13 17:18:09,889 - task_scheduler.py[line:263] - INFO: job 202103131718076872491 component upload_0 run on local 0 status is notRunning"
"2021-03-13 17:18:10,143 - task_scheduler.py[line:263] - INFO: job 202103131718076872491 component upload_0 run on local 0 status is notRunning"
"2021-03-13 17:18:10,399 - task_scheduler.py[line:263] - INFO: job 202103131718076872491 component upload_0 run on local 0 status is notRunning"
"2021-03-13 17:18:10,654 - task_scheduler.py[line:263] - INFO: job 202103131718076872491 component upload_0 run on local 0 status is notRunning"
"2021-03-13 17:18:10,909 - task_scheduler.py[line:263] - INFO: job 202103131718076872491 component upload_0 run on local 0 status is notRunning"
"2021-03-13 17:18:11,163 - task_scheduler.py[line:263] - INFO: job 202103131718076872491 component upload_0 run on local 0 status is notRunning"
"2021-03-13 17:18:11,424 - task_scheduler.py[line:263] - INFO: job 202103131718076872491 component upload_0 run on local 0 status is notRunning"
"2021-03-13 17:18:11,683 - task_scheduler.py[line:263] - INFO: job 202103131718076872491 component upload_0 run on local 0 status is notRunning"
"2021-03-13 17:18:11,942 - task_scheduler.py[line:263] - INFO: job 202103131718076872491 component upload_0 run on local 0 status is notRunning"
"2021-03-13 17:18:12,197 - task_scheduler.py[line:263] - INFO: job 202103131718076872491 component upload_0 run on local 0 status is notRunning"
"2021-03-13 17:18:12,452 - task_scheduler.py[line:263] - INFO: job 202103131718076872491 component upload_0 run on local 0 status is notRunning"
"2021-03-13 17:18:12,710 - task_scheduler.py[line:263] - INFO: job 202103131718076872491 component upload_0 run on local 0 status is notRunning"
"2021-03-13 17:18:12,972 - task_scheduler.py[line:263] - INFO: job 202103131718076872491 component upload_0 run on local 0 status is notRunning"
"2021-03-13 17:18:13,227 - task_scheduler.py[line:263] - INFO: job 202103131718076872491 component upload_0 run on local 0 status is notRunning"
"2021-03-13 17:18:13,488 - task_scheduler.py[line:263] - INFO: job 202103131718076872491 component upload_0 run on local 0 status is notRunning"
"2021-03-13 17:18:13,742 - task_scheduler.py[line:263] - INFO: job 202103131718076872491 component upload_0 run on local 0 status is notRunning"
"2021-03-13 17:18:13,990 - task_executor.py[line:54] - INFO: enter task process"
"2021-03-13 17:18:13,991 - task_executor.py[line:55] - INFO: Namespace(component_name='upload_0', config='/Users/clz/PycharmProjects/standalone-fate-master-1.2.0/jobs/202103131718076872491/local/0/upload_0/task_config.json', job_id='202103131718076872491', job_server='127.0.0.1:9380', party_id='0', role='local', task_id='202103131718076872491_upload_0')"
"2021-03-13 17:18:13,997 - task_scheduler.py[line:263] - INFO: job 202103131718076872491 component upload_0 run on local 0 status is notRunning"
"2021-03-13 17:18:14,254 - task_scheduler.py[line:263] - INFO: job 202103131718076872491 component upload_0 run on local 0 status is notRunning"
"2021-03-13 17:18:14,521 - task_scheduler.py[line:263] - INFO: job 202103131718076872491 component upload_0 run on local 0 status is notRunning"
"2021-03-13 17:18:14,754 - job_controller.py[line:154] - INFO: job 202103131718076872491 component upload_0 local 0 status running"
"2021-03-13 17:18:14,777 - task_scheduler.py[line:263] - INFO: job 202103131718076872491 component upload_0 run on local 0 status is running"
"2021-03-13 17:18:15,031 - task_scheduler.py[line:263] - INFO: job 202103131718076872491 component upload_0 run on local 0 status is running"
"2021-03-13 17:18:15,291 - task_scheduler.py[line:263] - INFO: job 202103131718076872491 component upload_0 run on local 0 status is running"
"2021-03-13 17:18:15,552 - task_scheduler.py[line:263] - INFO: job 202103131718076872491 component upload_0 run on local 0 status is running"
"2021-03-13 17:18:15,806 - task_scheduler.py[line:263] - INFO: job 202103131718076872491 component upload_0 run on local 0 status is running"
"2021-03-13 17:18:15,878 - job_controller.py[line:154] - INFO: job 202103131718076872491 component upload_0 local 0 status success"
"2021-03-13 17:18:16,061 - task_scheduler.py[line:263] - INFO: job 202103131718076872491 component upload_0 run on local 0 status is success"
"2021-03-13 17:18:16,066 - task_scheduler.py[line:179] - INFO: job 202103131718076872491 component upload_0 run success"
"2021-03-13 17:18:16,095 - task_scheduler.py[line:431] - INFO: get stop job 202103131718076872491 upload_0 command"
"2021-03-13 17:18:16,103 - job_controller.py[line:111] - INFO: local 0 get kill job 202103131718076872491 upload_0 command"
"2021-03-13 17:18:16,108 - task_scheduler.py[line:472] - INFO: send local 0 kill job 202103131718076872491 upload_0 command successfully"
"2021-03-13 17:18:16,109 - task_scheduler.py[line:193] - INFO: job 202103131718076872491 component upload_0 next components is []"
"2021-03-13 17:18:16,232 - job_controller.py[line:233] - INFO: job 202103131718076872491 on local 0 start to clean"
"2021-03-13 17:18:16,249 - job_controller.py[line:239] - INFO: job 202103131718076872491 component upload_0 on local 0 clean done"
"2021-03-13 17:18:16,250 - job_controller.py[line:244] - INFO: job 202103131718076872491 on local 0 clean done"
"2021-03-13 17:18:16,255 - task_scheduler.py[line:128] - INFO: job 202103131718076872491 finished, status is success"
"2021-03-13 17:18:16,255 - task_scheduler.py[line:128] - INFO: job 202103131718076872491 finished, status is success"
