[INFO ] 2019-11-28 20:57:54 [http-nio-8080-exec-1] o.a.coyote.http11.Http11Processor - Error parsing HTTP request header
 Note: further occurrences of HTTP header parsing errors will be logged at DEBUG level.
java.lang.IllegalArgumentException: Invalid character found in method name. HTTP method names must be tokens
	at org.apache.coyote.http11.Http11InputBuffer.parseRequestLine(Http11InputBuffer.java:428)
	at org.apache.coyote.http11.Http11Processor.service(Http11Processor.java:684)
	at org.apache.coyote.AbstractProcessorLight.process(AbstractProcessorLight.java:66)
	at org.apache.coyote.AbstractProtocol$ConnectionHandler.process(AbstractProtocol.java:800)
	at org.apache.tomcat.util.net.NioEndpoint$SocketProcessor.doRun(NioEndpoint.java:1471)
	at org.apache.tomcat.util.net.SocketProcessorBase.run(SocketProcessorBase.java:49)
	at java.util.concurrent.ThreadPoolExecutor.runWorker(ThreadPoolExecutor.java:1149)
	at java.util.concurrent.ThreadPoolExecutor$Worker.run(ThreadPoolExecutor.java:624)
	at org.apache.tomcat.util.threads.TaskThread$WrappingRunnable.run(TaskThread.java:61)
	at java.lang.Thread.run(Thread.java:748)
[INFO ] 2019-11-29 09:20:38 [main] c.w.a.fate.board.bootstrap.Bootstrap - Starting Bootstrap on localhost with PID 47894 (/data/projects/cos/standalone-fate-master-1.1.1/fateboard/fateboard-1.1.jar started by root in /data/projects/cos/standalone-fate-master-1.1.1/fateboard)
[INFO ] 2019-11-29 09:20:38 [main] c.w.a.fate.board.bootstrap.Bootstrap - No active profile set, falling back to default profiles: default
[INFO ] 2019-11-29 09:20:38 [main] o.s.b.w.s.c.AnnotationConfigServletWebServerApplicationContext - Refreshing org.springframework.boot.web.servlet.context.AnnotationConfigServletWebServerApplicationContext@61baa894: startup date [Fri Nov 29 09:20:38 CST 2019]; root of context hierarchy
[INFO ] 2019-11-29 09:20:38 [main] o.s.b.f.xml.XmlBeanDefinitionReader - Loading XML bean definitions from class path resource [db-mybatis-context.xml]
[INFO ] 2019-11-29 09:20:38 [main] o.s.c.s.PostProcessorRegistrationDelegate$BeanPostProcessorChecker - Bean 'org.springframework.transaction.annotation.ProxyTransactionManagementConfiguration' of type [org.springframework.transaction.annotation.ProxyTransactionManagementConfiguration$$EnhancerBySpringCGLIB$$97c3eb05] is not eligible for getting processed by all BeanPostProcessors (for example: not eligible for auto-proxying)
[INFO ] 2019-11-29 09:20:38 [main] o.s.b.w.e.tomcat.TomcatWebServer - Tomcat initialized with port(s): 8080 (http)
[INFO ] 2019-11-29 09:20:38 [main] o.a.coyote.http11.Http11NioProtocol - Initializing ProtocolHandler ["http-nio-8080"]
[INFO ] 2019-11-29 09:20:38 [main] o.a.catalina.core.StandardService - Starting service [Tomcat]
[INFO ] 2019-11-29 09:20:38 [main] o.a.catalina.core.StandardEngine - Starting Servlet Engine: Apache Tomcat/8.5.32
[INFO ] 2019-11-29 09:20:38 [localhost-startStop-1] o.a.c.core.AprLifecycleListener - The APR based Apache Tomcat Native library which allows optimal performance in production environments was not found on the java.library.path: [/usr/local/lib:/usr/java/packages/lib/amd64:/usr/lib64:/lib64:/lib:/usr/lib]
[INFO ] 2019-11-29 09:20:38 [localhost-startStop-1] o.a.c.c.C.[Tomcat].[localhost].[/] - Initializing Spring embedded WebApplicationContext
[INFO ] 2019-11-29 09:20:38 [localhost-startStop-1] o.s.web.context.ContextLoader - Root WebApplicationContext: initialization completed in 2240 ms
[INFO ] 2019-11-29 09:20:38 [localhost-startStop-1] o.s.b.w.s.FilterRegistrationBean - Mapping filter: 'characterEncodingFilter' to: [/*]
[INFO ] 2019-11-29 09:20:38 [localhost-startStop-1] o.s.b.w.s.FilterRegistrationBean - Mapping filter: 'webMvcMetricsFilter' to: [/*]
[INFO ] 2019-11-29 09:20:38 [localhost-startStop-1] o.s.b.w.s.FilterRegistrationBean - Mapping filter: 'hiddenHttpMethodFilter' to: [/*]
[INFO ] 2019-11-29 09:20:38 [localhost-startStop-1] o.s.b.w.s.FilterRegistrationBean - Mapping filter: 'httpPutFormContentFilter' to: [/*]
[INFO ] 2019-11-29 09:20:38 [localhost-startStop-1] o.s.b.w.s.FilterRegistrationBean - Mapping filter: 'requestContextFilter' to: [/*]
[INFO ] 2019-11-29 09:20:38 [localhost-startStop-1] o.s.b.w.s.FilterRegistrationBean - Mapping filter: 'httpTraceFilter' to: [/*]
[INFO ] 2019-11-29 09:20:38 [localhost-startStop-1] o.s.b.w.s.ServletRegistrationBean - Servlet dispatcherServlet mapped to [/]
[INFO ] 2019-11-29 09:20:38 [main] o.s.s.c.ThreadPoolTaskExecutor - Initializing ExecutorService 
[INFO ] 2019-11-29 09:20:38 [main] o.s.s.c.ThreadPoolTaskExecutor - Initializing ExecutorService  'asyncServiceExecutor'
[INFO ] 2019-11-29 09:20:38 [main] c.w.a.f.b.ssh.SshConfigFileWatcher - use system path /data/projects/cos/standalone-fate-master-1.1.1/fateboard/ssh/
[INFO ] 2019-11-29 09:20:38 [main] c.w.a.f.b.ssh.SshConfigFileWatcher - Scanning /data/projects/cos/standalone-fate-master-1.1.1/fateboard/ssh ...
[INFO ] 2019-11-29 09:20:38 [main] o.s.w.s.h.SimpleUrlHandlerMapping - Mapped URL path [/**/favicon.ico] onto handler of type [class org.springframework.web.servlet.resource.ResourceHttpRequestHandler]
[INFO ] 2019-11-29 09:20:38 [main] o.s.w.s.m.m.a.RequestMappingHandlerAdapter - Looking for @ControllerAdvice: org.springframework.boot.web.servlet.context.AnnotationConfigServletWebServerApplicationContext@61baa894: startup date [Fri Nov 29 09:20:38 CST 2019]; root of context hierarchy
[INFO ] 2019-11-29 09:20:38 [main] o.s.w.s.m.m.a.RequestMappingHandlerAdapter - Detected ResponseBodyAdvice bean in globalResponseController
[INFO ] 2019-11-29 09:20:38 [main] o.s.w.s.m.m.a.RequestMappingHandlerMapping - Mapped "{[/v1/tracking/component/output/data],methods=[POST]}" onto public com.webank.ai.fate.board.global.ResponseResult com.webank.ai.fate.board.controller.JobDetailController.getData(java.lang.String)
[INFO ] 2019-11-29 09:20:38 [main] o.s.w.s.m.m.a.RequestMappingHandlerMapping - Mapped "{[/v1/tracking/component/output/model],methods=[POST]}" onto public com.webank.ai.fate.board.global.ResponseResult com.webank.ai.fate.board.controller.JobDetailController.getModel(java.lang.String)
[INFO ] 2019-11-29 09:20:38 [main] o.s.w.s.m.m.a.RequestMappingHandlerMapping - Mapped "{[/v1/tracking/component/metric_data],methods=[POST]}" onto public com.webank.ai.fate.board.global.ResponseResult com.webank.ai.fate.board.controller.JobDetailController.getMetricInfo(java.lang.String)
[INFO ] 2019-11-29 09:20:38 [main] o.s.w.s.m.m.a.RequestMappingHandlerMapping - Mapped "{[/v1/tracking/component/parameters],methods=[POST]}" onto public com.webank.ai.fate.board.global.ResponseResult com.webank.ai.fate.board.controller.JobDetailController.getDetailInfo(java.lang.String)
[INFO ] 2019-11-29 09:20:38 [main] o.s.w.s.m.m.a.RequestMappingHandlerMapping - Mapped "{[/v1/pipeline/dag/dependencies],methods=[POST]}" onto public com.webank.ai.fate.board.global.ResponseResult com.webank.ai.fate.board.controller.JobDetailController.getDagDependencies(java.lang.String)
[INFO ] 2019-11-29 09:20:38 [main] o.s.w.s.m.m.a.RequestMappingHandlerMapping - Mapped "{[/v1/tracking/component/metrics],methods=[POST]}" onto public com.webank.ai.fate.board.global.ResponseResult com.webank.ai.fate.board.controller.JobDetailController.getMetaInfo(java.lang.String)
[INFO ] 2019-11-29 09:20:38 [main] o.s.w.s.m.m.a.RequestMappingHandlerMapping - Mapped "{[/job/query/status],methods=[GET]}" onto public com.webank.ai.fate.board.global.ResponseResult com.webank.ai.fate.board.controller.JobManagerController.queryJobStatus()
[INFO ] 2019-11-29 09:20:38 [main] o.s.w.s.m.m.a.RequestMappingHandlerMapping - Mapped "{[/job/v1/pipeline/job/stop],methods=[POST]}" onto public com.webank.ai.fate.board.global.ResponseResult com.webank.ai.fate.board.controller.JobManagerController.stopJob(java.lang.String)
[INFO ] 2019-11-29 09:20:38 [main] o.s.w.s.m.m.a.RequestMappingHandlerMapping - Mapped "{[/job/tracking/job/data_view],methods=[POST]}" onto public com.webank.ai.fate.board.global.ResponseResult com.webank.ai.fate.board.controller.JobManagerController.queryJobDataset(java.lang.String)
[INFO ] 2019-11-29 09:20:38 [main] o.s.w.s.m.m.a.RequestMappingHandlerMapping - Mapped "{[/job/query/{jobId}/{role}/{partyId}],methods=[GET]}" onto public com.webank.ai.fate.board.global.ResponseResult com.webank.ai.fate.board.controller.JobManagerController.queryJobById(java.lang.String,java.lang.String,java.lang.String)
[INFO ] 2019-11-29 09:20:38 [main] o.s.w.s.m.m.a.RequestMappingHandlerMapping - Mapped "{[/job/query/totalrecord],methods=[GET]}" onto public com.webank.ai.fate.board.global.ResponseResult com.webank.ai.fate.board.controller.JobManagerController.queryTotalRecord()
[INFO ] 2019-11-29 09:20:38 [main] o.s.w.s.m.m.a.RequestMappingHandlerMapping - Mapped "{[/job/query/page],methods=[POST]}" onto public com.webank.ai.fate.board.global.ResponseResult com.webank.ai.fate.board.controller.JobManagerController.queryJobByPage(java.lang.String)
[INFO ] 2019-11-29 09:20:38 [main] o.s.w.s.m.m.a.RequestMappingHandlerMapping - Mapped "{[/ssh/ssh],methods=[DELETE]}" onto public com.webank.ai.fate.board.global.ResponseResult com.webank.ai.fate.board.controller.SshPropertiesController.removeValue(java.lang.String) throws java.io.IOException
[INFO ] 2019-11-29 09:20:38 [main] o.s.w.s.m.m.a.RequestMappingHandlerMapping - Mapped "{[/ssh/checkStatus],methods=[GET]}" onto public com.webank.ai.fate.board.global.ResponseResult com.webank.ai.fate.board.controller.SshPropertiesController.checkSShStatus() throws java.io.IOException,java.lang.InterruptedException
[INFO ] 2019-11-29 09:20:38 [main] o.s.w.s.m.m.a.RequestMappingHandlerMapping - Mapped "{[/ssh/all],methods=[GET]}" onto public com.webank.ai.fate.board.global.ResponseResult com.webank.ai.fate.board.controller.SshPropertiesController.readAll() throws java.lang.Exception
[INFO ] 2019-11-29 09:20:38 [main] o.s.w.s.m.m.a.RequestMappingHandlerMapping - Mapped "{[/ssh/ssh],methods=[POST]}" onto public com.webank.ai.fate.board.global.ResponseResult com.webank.ai.fate.board.controller.SshPropertiesController.addProperties(java.lang.String) throws java.io.IOException
[INFO ] 2019-11-29 09:20:38 [main] o.s.w.s.m.m.a.RequestMappingHandlerMapping - Mapped "{[/ssh/ssh],methods=[GET]}" onto public com.webank.ai.fate.board.global.ResponseResult com.webank.ai.fate.board.controller.SshPropertiesController.readValue(java.lang.String) throws java.lang.Exception
[INFO ] 2019-11-29 09:20:38 [main] o.s.w.s.m.m.a.RequestMappingHandlerMapping - Mapped "{[/queryLogWithSizeSSH/{jobId}/{role}/{partyId}/{componentId}/{type}/{begin}/{end}],methods=[GET]}" onto public com.webank.ai.fate.board.global.ResponseResult com.webank.ai.fate.board.controller.LogController.queryLogWithSizeSSH(java.lang.String,java.lang.String,java.lang.Integer,java.lang.String,java.lang.String,java.lang.String,java.lang.Integer) throws java.lang.Exception
[INFO ] 2019-11-29 09:20:38 [main] o.s.w.s.m.m.a.RequestMappingHandlerMapping - Mapped "{[/queryLogSize/{jobId}/{role}/{partyId}/{componentId}/{type}],methods=[GET]}" onto public com.webank.ai.fate.board.global.ResponseResult com.webank.ai.fate.board.controller.LogController.queryLogSize(java.lang.String,java.lang.String,java.lang.String,java.lang.String,java.lang.String) throws java.lang.Exception
[INFO ] 2019-11-29 09:20:38 [main] o.s.w.s.m.m.a.RequestMappingHandlerMapping - Mapped "{[/queryLogWithSize/{jobId}/{role}/{partyId}/{componentId}/{type}/{begin}/{end}],methods=[GET]}" onto public com.webank.ai.fate.board.global.ResponseResult com.webank.ai.fate.board.controller.LogController.queryLogWithSize(java.lang.String,java.lang.String,java.lang.String,java.lang.String,java.lang.String,java.lang.Integer,java.lang.Integer) throws java.lang.Exception
[INFO ] 2019-11-29 09:20:38 [main] o.s.w.s.m.m.a.RequestMappingHandlerMapping - Mapped "{[/error],produces=[text/html]}" onto public org.springframework.web.servlet.ModelAndView org.springframework.boot.autoconfigure.web.servlet.error.BasicErrorController.errorHtml(javax.servlet.http.HttpServletRequest,javax.servlet.http.HttpServletResponse)
[INFO ] 2019-11-29 09:20:38 [main] o.s.w.s.m.m.a.RequestMappingHandlerMapping - Mapped "{[/error]}" onto public org.springframework.http.ResponseEntity<java.util.Map<java.lang.String, java.lang.Object>> org.springframework.boot.autoconfigure.web.servlet.error.BasicErrorController.error(javax.servlet.http.HttpServletRequest)
[INFO ] 2019-11-29 09:20:38 [main] o.s.w.s.h.SimpleUrlHandlerMapping - Mapped URL path [/webjars/**] onto handler of type [class org.springframework.web.servlet.resource.ResourceHttpRequestHandler]
[INFO ] 2019-11-29 09:20:38 [main] o.s.w.s.h.SimpleUrlHandlerMapping - Mapped URL path [/**] onto handler of type [class org.springframework.web.servlet.resource.ResourceHttpRequestHandler]
[INFO ] 2019-11-29 09:20:38 [main] o.s.w.s.m.m.a.ExceptionHandlerExceptionResolver - Detected @ExceptionHandler methods in globalExceptionHandler
[INFO ] 2019-11-29 09:20:38 [main] o.s.w.s.m.m.a.ExceptionHandlerExceptionResolver - Detected ResponseBodyAdvice implementation in globalResponseController
[INFO ] 2019-11-29 09:20:38 [main] o.s.b.a.w.s.WelcomePageHandlerMapping - Adding welcome page: class path resource [static/index.html]
[INFO ] 2019-11-29 09:20:38 [main] o.s.b.a.e.web.EndpointLinksResolver - Exposing 14 endpoint(s) beneath base path '/actuator'
[INFO ] 2019-11-29 09:20:38 [main] o.s.b.a.e.w.s.WebMvcEndpointHandlerMapping - Mapped "{[/actuator/auditevents],methods=[GET],produces=[application/vnd.spring-boot.actuator.v2+json || application/json]}" onto public java.lang.Object org.springframework.boot.actuate.endpoint.web.servlet.AbstractWebMvcEndpointHandlerMapping$OperationHandler.handle(javax.servlet.http.HttpServletRequest,java.util.Map<java.lang.String, java.lang.String>)
[INFO ] 2019-11-29 09:20:38 [main] o.s.b.a.e.w.s.WebMvcEndpointHandlerMapping - Mapped "{[/actuator/beans],methods=[GET],produces=[application/vnd.spring-boot.actuator.v2+json || application/json]}" onto public java.lang.Object org.springframework.boot.actuate.endpoint.web.servlet.AbstractWebMvcEndpointHandlerMapping$OperationHandler.handle(javax.servlet.http.HttpServletRequest,java.util.Map<java.lang.String, java.lang.String>)
[INFO ] 2019-11-29 09:20:38 [main] o.s.b.a.e.w.s.WebMvcEndpointHandlerMapping - Mapped "{[/actuator/health],methods=[GET],produces=[application/vnd.spring-boot.actuator.v2+json || application/json]}" onto public java.lang.Object org.springframework.boot.actuate.endpoint.web.servlet.AbstractWebMvcEndpointHandlerMapping$OperationHandler.handle(javax.servlet.http.HttpServletRequest,java.util.Map<java.lang.String, java.lang.String>)
[INFO ] 2019-11-29 09:20:38 [main] o.s.b.a.e.w.s.WebMvcEndpointHandlerMapping - Mapped "{[/actuator/conditions],methods=[GET],produces=[application/vnd.spring-boot.actuator.v2+json || application/json]}" onto public java.lang.Object org.springframework.boot.actuate.endpoint.web.servlet.AbstractWebMvcEndpointHandlerMapping$OperationHandler.handle(javax.servlet.http.HttpServletRequest,java.util.Map<java.lang.String, java.lang.String>)
[INFO ] 2019-11-29 09:20:38 [main] o.s.b.a.e.w.s.WebMvcEndpointHandlerMapping - Mapped "{[/actuator/configprops],methods=[GET],produces=[application/vnd.spring-boot.actuator.v2+json || application/json]}" onto public java.lang.Object org.springframework.boot.actuate.endpoint.web.servlet.AbstractWebMvcEndpointHandlerMapping$OperationHandler.handle(javax.servlet.http.HttpServletRequest,java.util.Map<java.lang.String, java.lang.String>)
[INFO ] 2019-11-29 09:20:38 [main] o.s.b.a.e.w.s.WebMvcEndpointHandlerMapping - Mapped "{[/actuator/env/{toMatch}],methods=[GET],produces=[application/vnd.spring-boot.actuator.v2+json || application/json]}" onto public java.lang.Object org.springframework.boot.actuate.endpoint.web.servlet.AbstractWebMvcEndpointHandlerMapping$OperationHandler.handle(javax.servlet.http.HttpServletRequest,java.util.Map<java.lang.String, java.lang.String>)
[INFO ] 2019-11-29 09:20:38 [main] o.s.b.a.e.w.s.WebMvcEndpointHandlerMapping - Mapped "{[/actuator/env],methods=[GET],produces=[application/vnd.spring-boot.actuator.v2+json || application/json]}" onto public java.lang.Object org.springframework.boot.actuate.endpoint.web.servlet.AbstractWebMvcEndpointHandlerMapping$OperationHandler.handle(javax.servlet.http.HttpServletRequest,java.util.Map<java.lang.String, java.lang.String>)
[INFO ] 2019-11-29 09:20:38 [main] o.s.b.a.e.w.s.WebMvcEndpointHandlerMapping - Mapped "{[/actuator/info],methods=[GET],produces=[application/vnd.spring-boot.actuator.v2+json || application/json]}" onto public java.lang.Object org.springframework.boot.actuate.endpoint.web.servlet.AbstractWebMvcEndpointHandlerMapping$OperationHandler.handle(javax.servlet.http.HttpServletRequest,java.util.Map<java.lang.String, java.lang.String>)
[INFO ] 2019-11-29 09:20:38 [main] o.s.b.a.e.w.s.WebMvcEndpointHandlerMapping - Mapped "{[/actuator/loggers],methods=[GET],produces=[application/vnd.spring-boot.actuator.v2+json || application/json]}" onto public java.lang.Object org.springframework.boot.actuate.endpoint.web.servlet.AbstractWebMvcEndpointHandlerMapping$OperationHandler.handle(javax.servlet.http.HttpServletRequest,java.util.Map<java.lang.String, java.lang.String>)
[INFO ] 2019-11-29 09:20:38 [main] o.s.b.a.e.w.s.WebMvcEndpointHandlerMapping - Mapped "{[/actuator/loggers/{name}],methods=[POST],consumes=[application/vnd.spring-boot.actuator.v2+json || application/json]}" onto public java.lang.Object org.springframework.boot.actuate.endpoint.web.servlet.AbstractWebMvcEndpointHandlerMapping$OperationHandler.handle(javax.servlet.http.HttpServletRequest,java.util.Map<java.lang.String, java.lang.String>)
[INFO ] 2019-11-29 09:20:38 [main] o.s.b.a.e.w.s.WebMvcEndpointHandlerMapping - Mapped "{[/actuator/loggers/{name}],methods=[GET],produces=[application/vnd.spring-boot.actuator.v2+json || application/json]}" onto public java.lang.Object org.springframework.boot.actuate.endpoint.web.servlet.AbstractWebMvcEndpointHandlerMapping$OperationHandler.handle(javax.servlet.http.HttpServletRequest,java.util.Map<java.lang.String, java.lang.String>)
[INFO ] 2019-11-29 09:20:38 [main] o.s.b.a.e.w.s.WebMvcEndpointHandlerMapping - Mapped "{[/actuator/heapdump],methods=[GET],produces=[application/octet-stream]}" onto public java.lang.Object org.springframework.boot.actuate.endpoint.web.servlet.AbstractWebMvcEndpointHandlerMapping$OperationHandler.handle(javax.servlet.http.HttpServletRequest,java.util.Map<java.lang.String, java.lang.String>)
[INFO ] 2019-11-29 09:20:38 [main] o.s.b.a.e.w.s.WebMvcEndpointHandlerMapping - Mapped "{[/actuator/threaddump],methods=[GET],produces=[application/vnd.spring-boot.actuator.v2+json || application/json]}" onto public java.lang.Object org.springframework.boot.actuate.endpoint.web.servlet.AbstractWebMvcEndpointHandlerMapping$OperationHandler.handle(javax.servlet.http.HttpServletRequest,java.util.Map<java.lang.String, java.lang.String>)
[INFO ] 2019-11-29 09:20:38 [main] o.s.b.a.e.w.s.WebMvcEndpointHandlerMapping - Mapped "{[/actuator/metrics],methods=[GET],produces=[application/vnd.spring-boot.actuator.v2+json || application/json]}" onto public java.lang.Object org.springframework.boot.actuate.endpoint.web.servlet.AbstractWebMvcEndpointHandlerMapping$OperationHandler.handle(javax.servlet.http.HttpServletRequest,java.util.Map<java.lang.String, java.lang.String>)
[INFO ] 2019-11-29 09:20:38 [main] o.s.b.a.e.w.s.WebMvcEndpointHandlerMapping - Mapped "{[/actuator/metrics/{requiredMetricName}],methods=[GET],produces=[application/vnd.spring-boot.actuator.v2+json || application/json]}" onto public java.lang.Object org.springframework.boot.actuate.endpoint.web.servlet.AbstractWebMvcEndpointHandlerMapping$OperationHandler.handle(javax.servlet.http.HttpServletRequest,java.util.Map<java.lang.String, java.lang.String>)
[INFO ] 2019-11-29 09:20:38 [main] o.s.b.a.e.w.s.WebMvcEndpointHandlerMapping - Mapped "{[/actuator/scheduledtasks],methods=[GET],produces=[application/vnd.spring-boot.actuator.v2+json || application/json]}" onto public java.lang.Object org.springframework.boot.actuate.endpoint.web.servlet.AbstractWebMvcEndpointHandlerMapping$OperationHandler.handle(javax.servlet.http.HttpServletRequest,java.util.Map<java.lang.String, java.lang.String>)
[INFO ] 2019-11-29 09:20:38 [main] o.s.b.a.e.w.s.WebMvcEndpointHandlerMapping - Mapped "{[/actuator/httptrace],methods=[GET],produces=[application/vnd.spring-boot.actuator.v2+json || application/json]}" onto public java.lang.Object org.springframework.boot.actuate.endpoint.web.servlet.AbstractWebMvcEndpointHandlerMapping$OperationHandler.handle(javax.servlet.http.HttpServletRequest,java.util.Map<java.lang.String, java.lang.String>)
[INFO ] 2019-11-29 09:20:38 [main] o.s.b.a.e.w.s.WebMvcEndpointHandlerMapping - Mapped "{[/actuator/mappings],methods=[GET],produces=[application/vnd.spring-boot.actuator.v2+json || application/json]}" onto public java.lang.Object org.springframework.boot.actuate.endpoint.web.servlet.AbstractWebMvcEndpointHandlerMapping$OperationHandler.handle(javax.servlet.http.HttpServletRequest,java.util.Map<java.lang.String, java.lang.String>)
[INFO ] 2019-11-29 09:20:38 [main] o.s.b.a.e.w.s.WebMvcEndpointHandlerMapping - Mapped "{[/actuator],methods=[GET],produces=[application/vnd.spring-boot.actuator.v2+json || application/json]}" onto protected java.util.Map<java.lang.String, java.util.Map<java.lang.String, org.springframework.boot.actuate.endpoint.web.Link>> org.springframework.boot.actuate.endpoint.web.servlet.WebMvcEndpointHandlerMapping.links(javax.servlet.http.HttpServletRequest,javax.servlet.http.HttpServletResponse)
[INFO ] 2019-11-29 09:20:38 [main] o.s.w.s.s.s.ServerEndpointExporter - Registering @ServerEndpoint class: class com.webank.ai.fate.board.websocket.JobWebSocketService
[INFO ] 2019-11-29 09:20:38 [main] o.s.w.s.s.s.ServerEndpointExporter - Registering @ServerEndpoint class: class com.webank.ai.fate.board.websocket.LogWebSocketSSHService
[INFO ] 2019-11-29 09:20:38 [main] o.s.j.e.a.AnnotationMBeanExporter - Registering beans for JMX exposure on startup
[INFO ] 2019-11-29 09:20:38 [main] o.s.s.a.ScheduledAnnotationBeanPostProcessor - No TaskScheduler/ScheduledExecutorService bean found for scheduled processing
[INFO ] 2019-11-29 09:20:38 [main] o.a.coyote.http11.Http11NioProtocol - Starting ProtocolHandler ["http-nio-8080"]
[INFO ] 2019-11-29 09:20:38 [main] o.a.tomcat.util.net.NioSelectorPool - Using a shared selector for servlet write/read
[INFO ] 2019-11-29 09:20:38 [main] o.s.b.w.e.tomcat.TomcatWebServer - Tomcat started on port(s): 8080 (http) with context path ''
[INFO ] 2019-11-29 09:20:38 [main] c.w.a.fate.board.bootstrap.Bootstrap - Started Bootstrap in 5.318 seconds (JVM running for 5.921)
[INFO ] 2019-11-29 09:20:38 [http-nio-8080-exec-1] o.a.c.c.C.[Tomcat].[localhost].[/] - Initializing Spring FrameworkServlet 'dispatcherServlet'
[INFO ] 2019-11-29 09:20:38 [http-nio-8080-exec-1] o.s.web.servlet.DispatcherServlet - FrameworkServlet 'dispatcherServlet': initialization started
[INFO ] 2019-11-29 09:20:38 [http-nio-8080-exec-1] o.s.web.servlet.DispatcherServlet - FrameworkServlet 'dispatcherServlet': initialization completed in 18 ms
[INFO ] 2019-11-29 09:20:38 [http-nio-8080-exec-7] c.w.a.f.b.services.JobManagerService - start create criteria
[INFO ] 2019-11-29 09:20:38 [http-nio-8080-exec-7] c.w.a.f.b.services.JobManagerService - add startf_start_time desc
